\BOOKMARK [1][-]{section.1}{\376\377\000I\000n\000t\000r\000o\000d\000u\000c\000t\000i\000o\000n}{}% 1
\BOOKMARK [2][-]{subsection.1.1}{\376\377\000S\000p\000i\000l\000b\000e\000s\000k\000r\000i\000v\000e\000l\000s\000e}{section.1}% 2
\BOOKMARK [2][-]{subsection.1.2}{\376\377\000L\000o\000g\000i\000n\000-\000s\000c\000r\000e\000e\000n}{section.1}% 3
\BOOKMARK [2][-]{subsection.1.3}{\376\377\000C\000o\000r\000e\000\040\000g\000a\000m\000e\000p\000l\000a\000y\000\040\000l\000a\000y\000o\000u\000t}{section.1}% 4
\BOOKMARK [2][-]{subsection.1.4}{\376\377\000S\000e\000t\000t\000i\000n\000g\000s}{section.1}% 5
\BOOKMARK [1][-]{section.2}{\376\377\000A\000n\000a\000l\000y\000s\000e\000r}{}% 6
\BOOKMARK [2][-]{subsection.2.1}{\376\377\000T\000e\000k\000n\000o\000l\000o\000g\000i\000u\000n\000d\000e\000r\000s\000\370\000g\000e\000l\000s\000e\000:\000\040\000U\000n\000i\000t\000y\000\040\000-\000\040\000.\000N\000e\000t}{section.2}% 7
\BOOKMARK [3][-]{subsubsection.2.1.1}{\376\377\000U\000n\000i\000t\000y\000:}{subsection.2.1}% 8
\BOOKMARK [3][-]{subsubsection.2.1.2}{\376\377\000.\000N\000E\000T\000\040\000f\000r\000a\000m\000e\000w\000o\000r\000k\000:}{subsection.2.1}% 9
\BOOKMARK [2][-]{subsection.2.2}{\376\377\000F\000r\000o\000n\000t\000e\000n\000d\000\040\000A\000r\000k\000i\000t\000e\000k\000t\000u\000r}{section.2}% 10
\BOOKMARK [3][-]{subsubsection.2.2.1}{\376\377\000P\000s\000e\000u\000d\000o\000\040\000F\000r\000o\000n\000t\000e\000n\000d\000\040\000A\000r\000k\000i\000t\000e\000k\000t\000u\000r}{subsection.2.2}% 11
\BOOKMARK [2][-]{subsection.2.3}{\376\377\000B\000a\000c\000k\000e\000n\000d\000\040\000A\000r\000k\000i\000t\000e\000k\000t\000u\000r}{section.2}% 12
\BOOKMARK [3][-]{subsubsection.2.3.1}{\376\377\000M\000V\000C}{subsection.2.3}% 13
\BOOKMARK [3][-]{subsubsection.2.3.2}{\376\377\000C\000l\000i\000e\000n\000t\000:}{subsection.2.3}% 14
\BOOKMARK [3][-]{subsubsection.2.3.3}{\376\377\000C\000o\000n\000t\000r\000o\000l\000l\000e\000r\000:}{subsection.2.3}% 15
\BOOKMARK [3][-]{subsubsection.2.3.4}{\376\377\000D\000A\000L\000:}{subsection.2.3}% 16
\BOOKMARK [3][-]{subsubsection.2.3.5}{\376\377\000M\000o\000d\000e\000l\000:}{subsection.2.3}% 17
\BOOKMARK [3][-]{subsubsection.2.3.6}{\376\377\000C\0003\000-\000M\000o\000d\000e\000l\000\040\000f\000o\000r\000\040\000b\000a\000c\000k\000e\000n\000d}{subsection.2.3}% 18
\BOOKMARK [3][-]{subsubsection.2.3.7}{\376\377\000C\000l\000i\000e\000n\000t}{subsection.2.3}% 19
\BOOKMARK [3][-]{subsubsection.2.3.8}{\376\377\000C\000o\000n\000t\000r\000o\000l\000l\000e\000r}{subsection.2.3}% 20
\BOOKMARK [3][-]{subsubsection.2.3.9}{\376\377\000D\000A\000L}{subsection.2.3}% 21
\BOOKMARK [3][-]{subsubsection.2.3.10}{\376\377\000M\000o\000d\000e\000l}{subsection.2.3}% 22
\BOOKMARK [3][-]{subsubsection.2.3.11}{\376\377\000R\000E\000S\000T}{subsection.2.3}% 23
\BOOKMARK [3][-]{subsubsection.2.3.12}{\376\377\000K\000o\000n\000l\000u\000s\000i\000o\000n}{subsection.2.3}% 24
\BOOKMARK [1][-]{section.3}{\376\377\000D\000e\000s\000i\000g\000n}{}% 25
\BOOKMARK [2][-]{subsection.3.1}{\376\377\000O\000v\000e\000r\000o\000r\000d\000n\000e\000t\000\040\000S\000y\000s\000t\000e\000m\000\040\000D\000e\000s\000i\000g\000n}{section.3}% 26
\BOOKMARK [2][-]{subsection.3.2}{\376\377\000F\000r\000o\000n\000t\000e\000n\000d\000\040\000D\000e\000s\000i\000g\000n}{section.3}% 27
\BOOKMARK [3][-]{subsubsection.3.2.1}{\376\377\000R\000o\000o\000m}{subsection.3.2}% 28
\BOOKMARK [3][-]{subsubsection.3.2.2}{\376\377\000C\000o\000m\000b\000a\000t}{subsection.3.2}% 29
\BOOKMARK [3][-]{subsubsection.3.2.3}{\376\377\000L\000o\000g\000i\000n}{subsection.3.2}% 30
\BOOKMARK [3][-]{subsubsection.3.2.4}{\376\377\000S\000e\000t\000t\000i\000n\000g\000s}{subsection.3.2}% 31
\BOOKMARK [2][-]{subsection.3.3}{\376\377\000D\000a\000t\000a\000b\000a\000s\000e\000\040\000D\000e\000s\000i\000g\000n}{section.3}% 32
\BOOKMARK [1][-]{section.4}{\376\377\000I\000m\000p\000l\000e\000m\000e\000n\000t\000e\000r\000i\000n\000g}{}% 33
\BOOKMARK [2][-]{subsection.4.1}{\376\377\000S\000y\000s\000t\000e\000m\000\040\000I\000m\000p\000l\000e\000m\000e\000n\000t\000e\000r\000i\000n\000g}{section.4}% 34
\BOOKMARK [2][-]{subsection.4.2}{\376\377\000F\000r\000o\000n\000t\000e\000n\000d\000\040\000I\000m\000p\000l\000e\000m\000e\000n\000t\000e\000r\000i\000n\000g}{section.4}% 35
\BOOKMARK [3][-]{subsubsection.4.2.1}{\376\377\000L\000o\000g\000i\000n\000\040\000v\000i\000e\000w}{subsection.4.2}% 36
\BOOKMARK [3][-]{subsubsection.4.2.2}{\376\377\000R\000o\000o\000m\000\040\000V\000i\000e\000w}{subsection.4.2}% 37
\BOOKMARK [3][-]{subsubsection.4.2.3}{\376\377\000C\000o\000m\000b\000a\000t\000\040\000V\000i\000e\000w}{subsection.4.2}% 38
\BOOKMARK [3][-]{subsubsection.4.2.4}{\376\377\000S\000e\000t\000t\000i\000n\000g\000s\000\040\000v\000i\000e\000w}{subsection.4.2}% 39
\BOOKMARK [3][-]{subsubsection.4.2.5}{\376\377\000L\000o\000a\000d\000\040\000v\000i\000e\000w}{subsection.4.2}% 40
\BOOKMARK [3][-]{subsubsection.4.2.6}{\376\377\000N\000o\000t\000e\000\040\000o\000m\000\040\000B\000a\000g\000g\000r\000u\000n\000d\000s\000f\000a\000r\000v\000e\000r}{subsection.4.2}% 41
\BOOKMARK [2][-]{subsection.4.3}{\376\377\000G\000a\000m\000e\000\040\000E\000n\000g\000i\000n\000e}{section.4}% 42
\BOOKMARK [3][-]{subsubsection.4.3.1}{\376\377\000G\000a\000m\000e\000c\000o\000n\000t\000r\000o\000l\000l\000e\000r\000\040\000I\000m\000p\000l\000e\000m\000e\000n\000t\000e\000r\000i\000n\000g}{subsection.4.3}% 43
\BOOKMARK [3][-]{subsubsection.4.3.2}{\376\377\000G\000e\000n\000e\000r\000e\000r\000i\000n\000g\000\040\000a\000f\000\040\000M\000a\000p}{subsection.4.3}% 44
\BOOKMARK [3][-]{subsubsection.4.3.3}{\376\377\000L\000o\000g}{subsection.4.3}% 45
\BOOKMARK [2][-]{subsection.4.4}{\376\377\000K\000o\000m\000m\000e\000n\000t\000a\000r\000\040\000t\000i\000l\000\040\000i\000m\000p\000l\000e\000m\000e\000n\000t\000e\000r\000i\000n\000g\000e\000n}{section.4}% 46
\BOOKMARK [1][-]{section.5}{\376\377\000T\000e\000s\000t}{}% 47
\BOOKMARK [2][-]{subsection.5.1}{\376\377\000M\000o\000d\000u\000l\000t\000e\000s\000t\000\040\000F\000r\000o\000n\000t\000e\000n\000d}{section.5}% 48
\BOOKMARK [3][-]{subsubsection.5.1.1}{\376\377\000T\000e\000s\000t\000\040\000m\000e\000t\000o\000d\000e\000r}{subsection.5.1}% 49
\BOOKMARK [3][-]{subsubsection.5.1.2}{\376\377\000E\000k\000s\000e\000m\000p\000e\000l\000\040\000p\000\345\000\040\000f\000r\000o\000n\000t\000e\000n\000d\000\040\000t\000e\000s\000t\000\040\000i\000\040\000f\000o\000r\000b\000i\000n\000d\000e\000l\000s\000e\000\040\000m\000e\000d\000\040\000G\000a\000m\000e\000\040\000E\000n\000g\000i\000n\000e}{subsection.5.1}% 50
\BOOKMARK [3][-]{subsubsection.5.1.3}{\376\377\000E\000k\000s\000e\000m\000p\000e\000l\000\040\000p\000\345\000\040\000f\000r\000o\000n\000t\000e\000n\000d\000\040\000t\000e\000s\000t}{subsection.5.1}% 51
\BOOKMARK [2][-]{subsection.5.2}{\376\377\000M\000o\000d\000u\000l\000t\000e\000s\000t\000\040\000G\000a\000m\000e\000\040\000E\000n\000g\000i\000n\000e}{section.5}% 52
\BOOKMARK [3][-]{subsubsection.5.2.1}{\376\377\000G\000o\000d\000k\000e\000n\000d\000e\000l\000s\000e\000s\000T\000a\000b\000e\000l\000\040\000G\000a\000m\000e\000\040\000E\000n\000g\000i\000n\000e}{subsection.5.2}% 53
\BOOKMARK [3][-]{subsubsection.5.2.2}{\376\377\000M\000o\000c\000k\000\040\000t\000e\000s\000t\000i\000n\000g}{subsection.5.2}% 54
\BOOKMARK [3][-]{subsubsection.5.2.3}{\376\377\000T\000e\000s\000t\000\040\000R\000e\000s\000u\000l\000t\000a\000t\000e\000r\000\040\000f\000o\000r\000\040\000G\000a\000m\000e\000\040\000E\000n\000g\000i\000n\000e}{subsection.5.2}% 55
\BOOKMARK [2][-]{subsection.5.3}{\376\377\000D\000i\000s\000c\000u\000s\000s\000i\000o\000n\000\040\000a\000f\000\040\000T\000e\000s\000t\000\040\000R\000e\000s\000u\000l\000t}{section.5}% 56
\BOOKMARK [2][-]{subsection.5.4}{\376\377\000D\000a\000t\000a\000b\000a\000s\000e\000\040\000m\000o\000d\000u\000l\000t\000e\000s\000t}{section.5}% 57
\BOOKMARK [2][-]{subsection.5.5}{\376\377\000F\000u\000n\000k\000t\000i\000o\000n\000s\000b\000e\000s\000k\000r\000i\000v\000e\000l\000s\000e}{section.5}% 58
\BOOKMARK [3][-]{subsubsection.5.5.1}{\376\377\000G\000a\000m\000e\000\040\000C\000o\000n\000t\000r\000o\000l\000l\000e\000r}{subsection.5.5}% 59
\BOOKMARK [3][-]{subsubsection.5.5.2}{\376\377\000L\000o\000g}{subsection.5.5}% 60
\BOOKMARK [3][-]{subsubsection.5.5.3}{\376\377\000D\000i\000c\000e\000R\000o\000l\000l\000e\000r}{subsection.5.5}% 61
\BOOKMARK [3][-]{subsubsection.5.5.4}{\376\377\000R\000o\000o\000m}{subsection.5.5}% 62
\BOOKMARK [3][-]{subsubsection.5.5.5}{\376\377\000C\000o\000m\000b\000a\000t\000\040\000C\000o\000n\000t\000r\000o\000l\000l\000e\000r}{subsection.5.5}% 63
