This is pdfTeX, Version 3.141592653-2.6-1.40.24 (TeX Live 2022) (preloaded format=pdflatex 2022.5.27)  30 MAY 2022 01:41
entering extended mode
 restricted \write18 enabled.
 %&-line parsing enabled.
**Project.tex
(./Project.tex
LaTeX2e <2021-11-15> patch level 1
L3 programming layer <2022-05-04>
(c:/texlive/2022/texmf-dist/tex/latex/base/article.cls
Document Class: article 2021/10/04 v1.4n Standard LaTeX document class
(c:/texlive/2022/texmf-dist/tex/latex/base/size10.clo
File: size10.clo 2021/10/04 v1.4n Standard LaTeX file (size option)
)
\c@part=\count185
\c@section=\count186
\c@subsection=\count187
\c@subsubsection=\count188
\c@paragraph=\count189
\c@subparagraph=\count190
\c@figure=\count191
\c@table=\count192
\abovecaptionskip=\skip47
\belowcaptionskip=\skip48
\bibindent=\dimen138
)
(./00-DocumentSettings/Preamble.tex
(c:/texlive/2022/texmf-dist/tex/latex/amsfonts/amssymb.sty
Package: amssymb 2013/01/14 v3.01 AMS font symbols

(c:/texlive/2022/texmf-dist/tex/latex/amsfonts/amsfonts.sty
Package: amsfonts 2013/01/14 v3.01 Basic AMSFonts support
\@emptytoks=\toks16
\symAMSa=\mathgroup4
\symAMSb=\mathgroup5
LaTeX Font Info:    Redeclaring math symbol \hbar on input line 98.
LaTeX Font Info:    Overwriting math alphabet `\mathfrak' in version `bold'
(Font)                  U/euf/m/n --> U/euf/b/n on input line 106.
))
(c:/texlive/2022/texmf-dist/tex/latex/amscls/amsthm.sty
Package: amsthm 2020/05/29 v2.20.6
\thm@style=\toks17
\thm@bodyfont=\toks18
\thm@headfont=\toks19
\thm@notefont=\toks20
\thm@headpunct=\toks21
\thm@preskip=\skip49
\thm@postskip=\skip50
\thm@headsep=\skip51
\dth@everypar=\toks22
)
(c:/texlive/2022/texmf-dist/tex/latex/amsmath/amsmath.sty
Package: amsmath 2021/10/15 v2.17l AMS math features
\@mathmargin=\skip52

For additional information on amsmath, use the `?' option.
(c:/texlive/2022/texmf-dist/tex/latex/amsmath/amstext.sty
Package: amstext 2021/08/26 v2.01 AMS text

(c:/texlive/2022/texmf-dist/tex/latex/amsmath/amsgen.sty
File: amsgen.sty 1999/11/30 v2.0 generic functions
\@emptytoks=\toks23
\ex@=\dimen139
))
(c:/texlive/2022/texmf-dist/tex/latex/amsmath/amsbsy.sty
Package: amsbsy 1999/11/29 v1.2d Bold Symbols
\pmbraise@=\dimen140
)
(c:/texlive/2022/texmf-dist/tex/latex/amsmath/amsopn.sty
Package: amsopn 2021/08/26 v2.02 operator names
)
\inf@bad=\count193
LaTeX Info: Redefining \frac on input line 234.
\uproot@=\count194
\leftroot@=\count195
LaTeX Info: Redefining \overline on input line 399.
\classnum@=\count196
\DOTSCASE@=\count197
LaTeX Info: Redefining \ldots on input line 496.
LaTeX Info: Redefining \dots on input line 499.
LaTeX Info: Redefining \cdots on input line 620.
\Mathstrutbox@=\box50
\strutbox@=\box51
\big@size=\dimen141
LaTeX Font Info:    Redeclaring font encoding OML on input line 743.
LaTeX Font Info:    Redeclaring font encoding OMS on input line 744.
\macc@depth=\count198
\c@MaxMatrixCols=\count199
\dotsspace@=\muskip16
\c@parentequation=\count266
\dspbrk@lvl=\count267
\tag@help=\toks24
\row@=\count268
\column@=\count269
\maxfields@=\count270
\andhelp@=\toks25
\eqnshift@=\dimen142
\alignsep@=\dimen143
\tagshift@=\dimen144
\tagwidth@=\dimen145
\totwidth@=\dimen146
\lineht@=\dimen147
\@envbody=\toks26
\multlinegap=\skip53
\multlinetaggap=\skip54
\mathdisplay@stack=\toks27
LaTeX Info: Redefining \[ on input line 2938.
LaTeX Info: Redefining \] on input line 2939.
)
(c:/texlive/2022/texmf-dist/tex/latex/calculator/calculator.sty
Package: calculator 2014/02/20 v.2.0
\cctr@lengtha=\dimen148
\cctr@lengthb=\dimen149
\cctr@epsilon=\dimen150
)
(c:/texlive/2022/texmf-dist/tex/latex/mathtools/mathtools.sty
Package: mathtools 2022/02/07 v1.28a mathematical typesetting tools

(c:/texlive/2022/texmf-dist/tex/latex/graphics/keyval.sty
Package: keyval 2014/10/28 v1.15 key=value parser (DPC)
\KV@toks@=\toks28
)
(c:/texlive/2022/texmf-dist/tex/latex/tools/calc.sty
Package: calc 2017/05/25 v4.3 Infix arithmetic (KKT,FJ)
\calc@Acount=\count271
\calc@Bcount=\count272
\calc@Adimen=\dimen151
\calc@Bdimen=\dimen152
\calc@Askip=\skip55
\calc@Bskip=\skip56
LaTeX Info: Redefining \setlength on input line 80.
LaTeX Info: Redefining \addtolength on input line 81.
\calc@Ccount=\count273
\calc@Cskip=\skip57
)
(c:/texlive/2022/texmf-dist/tex/latex/mathtools/mhsetup.sty
Package: mhsetup 2021/03/18 v1.4 programming setup (MH)
)
\g_MT_multlinerow_int=\count274
\l_MT_multwidth_dim=\dimen153
\origjot=\skip58
\l_MT_shortvdotswithinadjustabove_dim=\dimen154
\l_MT_shortvdotswithinadjustbelow_dim=\dimen155
\l_MT_above_intertext_sep=\dimen156
\l_MT_below_intertext_sep=\dimen157
\l_MT_above_shortintertext_sep=\dimen158
\l_MT_below_shortintertext_sep=\dimen159
\xmathstrut@box=\box52
\xmathstrut@dim=\dimen160
)
(c:/texlive/2022/texmf-dist/tex/latex/fancyhdr/fancyhdr.sty
Package: fancyhdr 2022/05/18 v4.0.3 Extensive control of page headers and foote
rs
\f@nch@headwidth=\skip59
\f@nch@O@elh=\skip60
\f@nch@O@erh=\skip61
\f@nch@O@olh=\skip62
\f@nch@O@orh=\skip63
\f@nch@O@elf=\skip64
\f@nch@O@erf=\skip65
\f@nch@O@olf=\skip66
\f@nch@O@orf=\skip67
)
(c:/texlive/2022/texmf-dist/tex/latex/float/float.sty
Package: float 2001/11/08 v1.3d Float enhancements (AL)
\c@float@type=\count275
\float@exts=\toks29
\float@box=\box53
\@float@everytoks=\toks30
\@floatcapt=\box54
)
(c:/texlive/2022/texmf-dist/tex/latex/tools/longtable.sty
Package: longtable 2021-09-01 v4.17 Multi-page Table package (DPC)
\LTleft=\skip68
\LTright=\skip69
\LTpre=\skip70
\LTpost=\skip71
\LTchunksize=\count276
\LTcapwidth=\dimen161
\LT@head=\box55
\LT@firsthead=\box56
\LT@foot=\box57
\LT@lastfoot=\box58
\LT@gbox=\box59
\LT@cols=\count277
\LT@rows=\count278
\c@LT@tables=\count279
\c@LT@chunks=\count280
\LT@p@ftn=\toks31
)
(c:/texlive/2022/texmf-dist/tex/latex/hyperref/hyperref.sty
Package: hyperref 2022-05-17 v7.00q Hypertext links for LaTeX

(c:/texlive/2022/texmf-dist/tex/generic/ltxcmds/ltxcmds.sty
Package: ltxcmds 2020-05-10 v1.25 LaTeX kernel commands for general use (HO)
)
(c:/texlive/2022/texmf-dist/tex/generic/iftex/iftex.sty
Package: iftex 2022/02/03 v1.0f TeX engine tests
)
(c:/texlive/2022/texmf-dist/tex/generic/pdftexcmds/pdftexcmds.sty
Package: pdftexcmds 2020-06-27 v0.33 Utility functions of pdfTeX for LuaTeX (HO
)

(c:/texlive/2022/texmf-dist/tex/generic/infwarerr/infwarerr.sty
Package: infwarerr 2019/12/03 v1.5 Providing info/warning/error messages (HO)
)
Package pdftexcmds Info: \pdf@primitive is available.
Package pdftexcmds Info: \pdf@ifprimitive is available.
Package pdftexcmds Info: \pdfdraftmode found.
)
(c:/texlive/2022/texmf-dist/tex/generic/kvsetkeys/kvsetkeys.sty
Package: kvsetkeys 2019/12/15 v1.18 Key value parser (HO)
)
(c:/texlive/2022/texmf-dist/tex/generic/kvdefinekeys/kvdefinekeys.sty
Package: kvdefinekeys 2019-12-19 v1.6 Define keys (HO)
)
(c:/texlive/2022/texmf-dist/tex/generic/pdfescape/pdfescape.sty
Package: pdfescape 2019/12/09 v1.15 Implements pdfTeX's escape features (HO)
)
(c:/texlive/2022/texmf-dist/tex/latex/hycolor/hycolor.sty
Package: hycolor 2020-01-27 v1.10 Color options for hyperref/bookmark (HO)
)
(c:/texlive/2022/texmf-dist/tex/latex/letltxmacro/letltxmacro.sty
Package: letltxmacro 2019/12/03 v1.6 Let assignment for LaTeX macros (HO)
)
(c:/texlive/2022/texmf-dist/tex/latex/auxhook/auxhook.sty
Package: auxhook 2019-12-17 v1.6 Hooks for auxiliary files (HO)
)
(c:/texlive/2022/texmf-dist/tex/latex/hyperref/nameref.sty
Package: nameref 2022-05-17 v2.50 Cross-referencing by name of section

(c:/texlive/2022/texmf-dist/tex/latex/refcount/refcount.sty
Package: refcount 2019/12/15 v3.6 Data extraction from label references (HO)
)
(c:/texlive/2022/texmf-dist/tex/generic/gettitlestring/gettitlestring.sty
Package: gettitlestring 2019/12/15 v1.6 Cleanup title references (HO)

(c:/texlive/2022/texmf-dist/tex/latex/kvoptions/kvoptions.sty
Package: kvoptions 2020-10-07 v3.14 Key value format for package options (HO)
))
\c@section@level=\count281
)
\@linkdim=\dimen162
\Hy@linkcounter=\count282
\Hy@pagecounter=\count283

(c:/texlive/2022/texmf-dist/tex/latex/hyperref/pd1enc.def
File: pd1enc.def 2022-05-17 v7.00q Hyperref: PDFDocEncoding definition (HO)
Now handling font encoding PD1 ...
... no UTF-8 mapping file for font encoding PD1
)
(c:/texlive/2022/texmf-dist/tex/generic/intcalc/intcalc.sty
Package: intcalc 2019/12/15 v1.3 Expandable calculations with integers (HO)
)
(c:/texlive/2022/texmf-dist/tex/generic/etexcmds/etexcmds.sty
Package: etexcmds 2019/12/15 v1.7 Avoid name clashes with e-TeX commands (HO)
)
\Hy@SavedSpaceFactor=\count284

(c:/texlive/2022/texmf-dist/tex/latex/hyperref/puenc.def
File: puenc.def 2022-05-17 v7.00q Hyperref: PDF Unicode definition (HO)
Now handling font encoding PU ...
... no UTF-8 mapping file for font encoding PU
)
Package hyperref Info: Hyper figures OFF on input line 4139.
Package hyperref Info: Link nesting OFF on input line 4144.
Package hyperref Info: Hyper index ON on input line 4147.
Package hyperref Info: Plain pages OFF on input line 4154.
Package hyperref Info: Backreferencing OFF on input line 4159.
Package hyperref Info: Implicit mode ON; LaTeX internals redefined.
Package hyperref Info: Bookmarks ON on input line 4385.
\c@Hy@tempcnt=\count285

(c:/texlive/2022/texmf-dist/tex/latex/url/url.sty
\Urlmuskip=\muskip17
Package: url 2013/09/16  ver 3.4  Verb mode for urls, etc.
)
LaTeX Info: Redefining \url on input line 4723.
\XeTeXLinkMargin=\dimen163

(c:/texlive/2022/texmf-dist/tex/generic/bitset/bitset.sty
Package: bitset 2019/12/09 v1.3 Handle bit-vector datatype (HO)

(c:/texlive/2022/texmf-dist/tex/generic/bigintcalc/bigintcalc.sty
Package: bigintcalc 2019/12/15 v1.5 Expandable calculations on big integers (HO
)
))
\Fld@menulength=\count286
\Field@Width=\dimen164
\Fld@charsize=\dimen165
Package hyperref Info: Hyper figures OFF on input line 6001.
Package hyperref Info: Link nesting OFF on input line 6006.
Package hyperref Info: Hyper index ON on input line 6009.
Package hyperref Info: backreferencing OFF on input line 6016.
Package hyperref Info: Link coloring OFF on input line 6021.
Package hyperref Info: Link coloring with OCG OFF on input line 6026.
Package hyperref Info: PDF/A mode OFF on input line 6031.
LaTeX Info: Redefining \ref on input line 6078.
LaTeX Info: Redefining \pageref on input line 6078.

(c:/texlive/2022/texmf-dist/tex/latex/base/atbegshi-ltx.sty
Package: atbegshi-ltx 2021/01/10 v1.0c Emulation of the original atbegshi
package with kernel methods
)
\Hy@abspage=\count287
\c@Item=\count288
\c@Hfootnote=\count289
)
Package hyperref Info: Driver (autodetected): hpdftex.

(c:/texlive/2022/texmf-dist/tex/latex/hyperref/hpdftex.def
File: hpdftex.def 2022-05-17 v7.00q Hyperref driver for pdfTeX

(c:/texlive/2022/texmf-dist/tex/latex/base/atveryend-ltx.sty
Package: atveryend-ltx 2020/08/19 v1.0a Emulation of the original atveryend pac
kage
with kernel methods
)
\Fld@listcount=\count290
\c@bookmark@seq@number=\count291

(c:/texlive/2022/texmf-dist/tex/latex/rerunfilecheck/rerunfilecheck.sty
Package: rerunfilecheck 2019/12/05 v1.9 Rerun checks for auxiliary files (HO)

(c:/texlive/2022/texmf-dist/tex/generic/uniquecounter/uniquecounter.sty
Package: uniquecounter 2019/12/15 v1.4 Provide unlimited unique counter (HO)
)
Package uniquecounter Info: New unique counter `rerunfilecheck' on input line 2
86.
)
\Hy@SectionHShift=\skip72
)
(c:/texlive/2022/texmf-dist/tex/latex/caption/caption.sty
Package: caption 2022/03/01 v3.6b Customizing captions (AR)

(c:/texlive/2022/texmf-dist/tex/latex/caption/caption3.sty
Package: caption3 2022/03/17 v2.3b caption3 kernel (AR)
\caption@tempdima=\dimen166
\captionmargin=\dimen167
\caption@leftmargin=\dimen168
\caption@rightmargin=\dimen169
\caption@width=\dimen170
\caption@indent=\dimen171
\caption@parindent=\dimen172
\caption@hangindent=\dimen173
Package caption Info: Standard document class detected.
)
\c@caption@flags=\count292
\c@continuedfloat=\count293
Package caption Info: float package is loaded.
Package caption Info: hyperref package is loaded.
Package caption Info: longtable package is loaded.

(c:/texlive/2022/texmf-dist/tex/latex/caption/ltcaption.sty
Package: ltcaption 2021/01/08 v1.4c longtable captions (AR)
))
(c:/texlive/2022/texmf-dist/tex/latex/booktabs/booktabs.sty
Package: booktabs 2020/01/12 v1.61803398 Publication quality tables
\heavyrulewidth=\dimen174
\lightrulewidth=\dimen175
\cmidrulewidth=\dimen176
\belowrulesep=\dimen177
\belowbottomsep=\dimen178
\aboverulesep=\dimen179
\abovetopsep=\dimen180
\cmidrulesep=\dimen181
\cmidrulekern=\dimen182
\defaultaddspace=\dimen183
\@cmidla=\count294
\@cmidlb=\count295
\@aboverulesep=\dimen184
\@belowrulesep=\dimen185
\@thisruleclass=\count296
\@lastruleclass=\count297
\@thisrulewidth=\dimen186
)
(c:/texlive/2022/texmf-dist/tex/latex/lastpage/lastpage.sty
Package: lastpage 2021/09/03 v1.2n Refers to last page's name (HMM; JPG)
)
(c:/texlive/2022/texmf-dist/tex/latex/pgf/basiclayer/pgf.sty
(c:/texlive/2022/texmf-dist/tex/latex/pgf/utilities/pgfrcs.sty
(c:/texlive/2022/texmf-dist/tex/generic/pgf/utilities/pgfutil-common.tex
\pgfutil@everybye=\toks32
\pgfutil@tempdima=\dimen187
\pgfutil@tempdimb=\dimen188

(c:/texlive/2022/texmf-dist/tex/generic/pgf/utilities/pgfutil-common-lists.tex)
) (c:/texlive/2022/texmf-dist/tex/generic/pgf/utilities/pgfutil-latex.def
\pgfutil@abb=\box60
)
(c:/texlive/2022/texmf-dist/tex/generic/pgf/utilities/pgfrcs.code.tex
(c:/texlive/2022/texmf-dist/tex/generic/pgf/pgf.revision.tex)
Package: pgfrcs 2021/05/15 v3.1.9a (3.1.9a)
))
Package: pgf 2021/05/15 v3.1.9a (3.1.9a)

(c:/texlive/2022/texmf-dist/tex/latex/pgf/basiclayer/pgfcore.sty
(c:/texlive/2022/texmf-dist/tex/latex/graphics/graphicx.sty
Package: graphicx 2021/09/16 v1.2d Enhanced LaTeX Graphics (DPC,SPQR)

(c:/texlive/2022/texmf-dist/tex/latex/graphics/graphics.sty
Package: graphics 2021/03/04 v1.4d Standard LaTeX Graphics (DPC,SPQR)

(c:/texlive/2022/texmf-dist/tex/latex/graphics/trig.sty
Package: trig 2021/08/11 v1.11 sin cos tan (DPC)
)
(c:/texlive/2022/texmf-dist/tex/latex/graphics-cfg/graphics.cfg
File: graphics.cfg 2016/06/04 v1.11 sample graphics configuration
)
Package graphics Info: Driver file: pdftex.def on input line 107.

(c:/texlive/2022/texmf-dist/tex/latex/graphics-def/pdftex.def
File: pdftex.def 2020/10/05 v1.2a Graphics/color driver for pdftex
))
\Gin@req@height=\dimen189
\Gin@req@width=\dimen190
)
(c:/texlive/2022/texmf-dist/tex/latex/pgf/systemlayer/pgfsys.sty
(c:/texlive/2022/texmf-dist/tex/generic/pgf/systemlayer/pgfsys.code.tex
Package: pgfsys 2021/05/15 v3.1.9a (3.1.9a)

(c:/texlive/2022/texmf-dist/tex/generic/pgf/utilities/pgfkeys.code.tex
\pgfkeys@pathtoks=\toks33
\pgfkeys@temptoks=\toks34

(c:/texlive/2022/texmf-dist/tex/generic/pgf/utilities/pgfkeysfiltered.code.tex
\pgfkeys@tmptoks=\toks35
))
\pgf@x=\dimen191
\pgf@y=\dimen192
\pgf@xa=\dimen193
\pgf@ya=\dimen194
\pgf@xb=\dimen195
\pgf@yb=\dimen196
\pgf@xc=\dimen197
\pgf@yc=\dimen198
\pgf@xd=\dimen199
\pgf@yd=\dimen256
\w@pgf@writea=\write3
\r@pgf@reada=\read2
\c@pgf@counta=\count298
\c@pgf@countb=\count299
\c@pgf@countc=\count300
\c@pgf@countd=\count301
\t@pgf@toka=\toks36
\t@pgf@tokb=\toks37
\t@pgf@tokc=\toks38
\pgf@sys@id@count=\count302
 (c:/texlive/2022/texmf-dist/tex/generic/pgf/systemlayer/pgf.cfg
File: pgf.cfg 2021/05/15 v3.1.9a (3.1.9a)
)
Driver file for pgf: pgfsys-pdftex.def

(c:/texlive/2022/texmf-dist/tex/generic/pgf/systemlayer/pgfsys-pdftex.def
File: pgfsys-pdftex.def 2021/05/15 v3.1.9a (3.1.9a)

(c:/texlive/2022/texmf-dist/tex/generic/pgf/systemlayer/pgfsys-common-pdf.def
File: pgfsys-common-pdf.def 2021/05/15 v3.1.9a (3.1.9a)
)))
(c:/texlive/2022/texmf-dist/tex/generic/pgf/systemlayer/pgfsyssoftpath.code.tex
File: pgfsyssoftpath.code.tex 2021/05/15 v3.1.9a (3.1.9a)
\pgfsyssoftpath@smallbuffer@items=\count303
\pgfsyssoftpath@bigbuffer@items=\count304
)
(c:/texlive/2022/texmf-dist/tex/generic/pgf/systemlayer/pgfsysprotocol.code.tex
File: pgfsysprotocol.code.tex 2021/05/15 v3.1.9a (3.1.9a)
)) (c:/texlive/2022/texmf-dist/tex/latex/xcolor/xcolor.sty
Package: xcolor 2021/10/31 v2.13 LaTeX color extensions (UK)

(c:/texlive/2022/texmf-dist/tex/latex/graphics-cfg/color.cfg
File: color.cfg 2016/01/02 v1.6 sample color configuration
)
Package xcolor Info: Driver file: pdftex.def on input line 227.
Package xcolor Info: Model `cmy' substituted by `cmy0' on input line 1352.
Package xcolor Info: Model `hsb' substituted by `rgb' on input line 1356.
Package xcolor Info: Model `RGB' extended on input line 1368.
Package xcolor Info: Model `HTML' substituted by `rgb' on input line 1370.
Package xcolor Info: Model `Hsb' substituted by `hsb' on input line 1371.
Package xcolor Info: Model `tHsb' substituted by `hsb' on input line 1372.
Package xcolor Info: Model `HSB' substituted by `hsb' on input line 1373.
Package xcolor Info: Model `Gray' substituted by `gray' on input line 1374.
Package xcolor Info: Model `wave' substituted by `hsb' on input line 1375.
)
(c:/texlive/2022/texmf-dist/tex/generic/pgf/basiclayer/pgfcore.code.tex
Package: pgfcore 2021/05/15 v3.1.9a (3.1.9a)

(c:/texlive/2022/texmf-dist/tex/generic/pgf/math/pgfmath.code.tex
(c:/texlive/2022/texmf-dist/tex/generic/pgf/math/pgfmathcalc.code.tex
(c:/texlive/2022/texmf-dist/tex/generic/pgf/math/pgfmathutil.code.tex)
(c:/texlive/2022/texmf-dist/tex/generic/pgf/math/pgfmathparser.code.tex
\pgfmath@dimen=\dimen257
\pgfmath@count=\count305
\pgfmath@box=\box61
\pgfmath@toks=\toks39
\pgfmath@stack@operand=\toks40
\pgfmath@stack@operation=\toks41
)
(c:/texlive/2022/texmf-dist/tex/generic/pgf/math/pgfmathfunctions.code.tex
(c:/texlive/2022/texmf-dist/tex/generic/pgf/math/pgfmathfunctions.basic.code.te
x)
(c:/texlive/2022/texmf-dist/tex/generic/pgf/math/pgfmathfunctions.trigonometric
.code.tex)
(c:/texlive/2022/texmf-dist/tex/generic/pgf/math/pgfmathfunctions.random.code.t
ex)
(c:/texlive/2022/texmf-dist/tex/generic/pgf/math/pgfmathfunctions.comparison.co
de.tex)
(c:/texlive/2022/texmf-dist/tex/generic/pgf/math/pgfmathfunctions.base.code.tex
)
(c:/texlive/2022/texmf-dist/tex/generic/pgf/math/pgfmathfunctions.round.code.te
x)
(c:/texlive/2022/texmf-dist/tex/generic/pgf/math/pgfmathfunctions.misc.code.tex
)
(c:/texlive/2022/texmf-dist/tex/generic/pgf/math/pgfmathfunctions.integerarithm
etics.code.tex)))
(c:/texlive/2022/texmf-dist/tex/generic/pgf/math/pgfmathfloat.code.tex
\c@pgfmathroundto@lastzeros=\count306
))
(c:/texlive/2022/texmf-dist/tex/generic/pgf/math/pgfint.code.tex)
(c:/texlive/2022/texmf-dist/tex/generic/pgf/basiclayer/pgfcorepoints.code.tex
File: pgfcorepoints.code.tex 2021/05/15 v3.1.9a (3.1.9a)
\pgf@picminx=\dimen258
\pgf@picmaxx=\dimen259
\pgf@picminy=\dimen260
\pgf@picmaxy=\dimen261
\pgf@pathminx=\dimen262
\pgf@pathmaxx=\dimen263
\pgf@pathminy=\dimen264
\pgf@pathmaxy=\dimen265
\pgf@xx=\dimen266
\pgf@xy=\dimen267
\pgf@yx=\dimen268
\pgf@yy=\dimen269
\pgf@zx=\dimen270
\pgf@zy=\dimen271
)
(c:/texlive/2022/texmf-dist/tex/generic/pgf/basiclayer/pgfcorepathconstruct.cod
e.tex
File: pgfcorepathconstruct.code.tex 2021/05/15 v3.1.9a (3.1.9a)
\pgf@path@lastx=\dimen272
\pgf@path@lasty=\dimen273
)
(c:/texlive/2022/texmf-dist/tex/generic/pgf/basiclayer/pgfcorepathusage.code.te
x
File: pgfcorepathusage.code.tex 2021/05/15 v3.1.9a (3.1.9a)
\pgf@shorten@end@additional=\dimen274
\pgf@shorten@start@additional=\dimen275
)
(c:/texlive/2022/texmf-dist/tex/generic/pgf/basiclayer/pgfcorescopes.code.tex
File: pgfcorescopes.code.tex 2021/05/15 v3.1.9a (3.1.9a)
\pgfpic=\box62
\pgf@hbox=\box63
\pgf@layerbox@main=\box64
\pgf@picture@serial@count=\count307
)
(c:/texlive/2022/texmf-dist/tex/generic/pgf/basiclayer/pgfcoregraphicstate.code
.tex
File: pgfcoregraphicstate.code.tex 2021/05/15 v3.1.9a (3.1.9a)
\pgflinewidth=\dimen276
)
(c:/texlive/2022/texmf-dist/tex/generic/pgf/basiclayer/pgfcoretransformations.c
ode.tex
File: pgfcoretransformations.code.tex 2021/05/15 v3.1.9a (3.1.9a)
\pgf@pt@x=\dimen277
\pgf@pt@y=\dimen278
\pgf@pt@temp=\dimen279
)
(c:/texlive/2022/texmf-dist/tex/generic/pgf/basiclayer/pgfcorequick.code.tex
File: pgfcorequick.code.tex 2021/05/15 v3.1.9a (3.1.9a)
)
(c:/texlive/2022/texmf-dist/tex/generic/pgf/basiclayer/pgfcoreobjects.code.tex
File: pgfcoreobjects.code.tex 2021/05/15 v3.1.9a (3.1.9a)
)
(c:/texlive/2022/texmf-dist/tex/generic/pgf/basiclayer/pgfcorepathprocessing.co
de.tex
File: pgfcorepathprocessing.code.tex 2021/05/15 v3.1.9a (3.1.9a)
)
(c:/texlive/2022/texmf-dist/tex/generic/pgf/basiclayer/pgfcorearrows.code.tex
File: pgfcorearrows.code.tex 2021/05/15 v3.1.9a (3.1.9a)
\pgfarrowsep=\dimen280
)
(c:/texlive/2022/texmf-dist/tex/generic/pgf/basiclayer/pgfcoreshade.code.tex
File: pgfcoreshade.code.tex 2021/05/15 v3.1.9a (3.1.9a)
\pgf@max=\dimen281
\pgf@sys@shading@range@num=\count308
\pgf@shadingcount=\count309
)
(c:/texlive/2022/texmf-dist/tex/generic/pgf/basiclayer/pgfcoreimage.code.tex
File: pgfcoreimage.code.tex 2021/05/15 v3.1.9a (3.1.9a)

(c:/texlive/2022/texmf-dist/tex/generic/pgf/basiclayer/pgfcoreexternal.code.tex
File: pgfcoreexternal.code.tex 2021/05/15 v3.1.9a (3.1.9a)
\pgfexternal@startupbox=\box65
))
(c:/texlive/2022/texmf-dist/tex/generic/pgf/basiclayer/pgfcorelayers.code.tex
File: pgfcorelayers.code.tex 2021/05/15 v3.1.9a (3.1.9a)
)
(c:/texlive/2022/texmf-dist/tex/generic/pgf/basiclayer/pgfcoretransparency.code
.tex
File: pgfcoretransparency.code.tex 2021/05/15 v3.1.9a (3.1.9a)
)
(c:/texlive/2022/texmf-dist/tex/generic/pgf/basiclayer/pgfcorepatterns.code.tex
File: pgfcorepatterns.code.tex 2021/05/15 v3.1.9a (3.1.9a)
) (c:/texlive/2022/texmf-dist/tex/generic/pgf/basiclayer/pgfcorerdf.code.tex
File: pgfcorerdf.code.tex 2021/05/15 v3.1.9a (3.1.9a)
))) (c:/texlive/2022/texmf-dist/tex/generic/pgf/modules/pgfmoduleshapes.code.te
x
File: pgfmoduleshapes.code.tex 2021/05/15 v3.1.9a (3.1.9a)
\pgfnodeparttextbox=\box66
)
(c:/texlive/2022/texmf-dist/tex/generic/pgf/modules/pgfmoduleplot.code.tex
File: pgfmoduleplot.code.tex 2021/05/15 v3.1.9a (3.1.9a)
)
(c:/texlive/2022/texmf-dist/tex/latex/pgf/compatibility/pgfcomp-version-0-65.st
y
Package: pgfcomp-version-0-65 2021/05/15 v3.1.9a (3.1.9a)
\pgf@nodesepstart=\dimen282
\pgf@nodesepend=\dimen283
)
(c:/texlive/2022/texmf-dist/tex/latex/pgf/compatibility/pgfcomp-version-1-18.st
y
Package: pgfcomp-version-1-18 2021/05/15 v3.1.9a (3.1.9a)
)) (c:/texlive/2022/texmf-dist/tex/latex/pgf/frontendlayer/tikz.sty
(c:/texlive/2022/texmf-dist/tex/latex/pgf/utilities/pgffor.sty
(c:/texlive/2022/texmf-dist/tex/latex/pgf/utilities/pgfkeys.sty
(c:/texlive/2022/texmf-dist/tex/generic/pgf/utilities/pgfkeys.code.tex))
(c:/texlive/2022/texmf-dist/tex/latex/pgf/math/pgfmath.sty
(c:/texlive/2022/texmf-dist/tex/generic/pgf/math/pgfmath.code.tex))
(c:/texlive/2022/texmf-dist/tex/generic/pgf/utilities/pgffor.code.tex
Package: pgffor 2021/05/15 v3.1.9a (3.1.9a)

(c:/texlive/2022/texmf-dist/tex/generic/pgf/math/pgfmath.code.tex)
\pgffor@iter=\dimen284
\pgffor@skip=\dimen285
\pgffor@stack=\toks42
\pgffor@toks=\toks43
))
(c:/texlive/2022/texmf-dist/tex/generic/pgf/frontendlayer/tikz/tikz.code.tex
Package: tikz 2021/05/15 v3.1.9a (3.1.9a)

(c:/texlive/2022/texmf-dist/tex/generic/pgf/libraries/pgflibraryplothandlers.co
de.tex
File: pgflibraryplothandlers.code.tex 2021/05/15 v3.1.9a (3.1.9a)
\pgf@plot@mark@count=\count310
\pgfplotmarksize=\dimen286
)
\tikz@lastx=\dimen287
\tikz@lasty=\dimen288
\tikz@lastxsaved=\dimen289
\tikz@lastysaved=\dimen290
\tikz@lastmovetox=\dimen291
\tikz@lastmovetoy=\dimen292
\tikzleveldistance=\dimen293
\tikzsiblingdistance=\dimen294
\tikz@figbox=\box67
\tikz@figbox@bg=\box68
\tikz@tempbox=\box69
\tikz@tempbox@bg=\box70
\tikztreelevel=\count311
\tikznumberofchildren=\count312
\tikznumberofcurrentchild=\count313
\tikz@fig@count=\count314

(c:/texlive/2022/texmf-dist/tex/generic/pgf/modules/pgfmodulematrix.code.tex
File: pgfmodulematrix.code.tex 2021/05/15 v3.1.9a (3.1.9a)
\pgfmatrixcurrentrow=\count315
\pgfmatrixcurrentcolumn=\count316
\pgf@matrix@numberofcolumns=\count317
)
\tikz@expandcount=\count318

(c:/texlive/2022/texmf-dist/tex/generic/pgf/frontendlayer/tikz/libraries/tikzli
brarytopaths.code.tex
File: tikzlibrarytopaths.code.tex 2021/05/15 v3.1.9a (3.1.9a)
))) (./tikz-uml.sty
Package: tikz-uml 2011/01/26

(c:/texlive/2022/texmf-dist/tex/latex/base/ifthen.sty
Package: ifthen 2020/11/24 v1.1c Standard LaTeX ifthen package (DPC)
)
(c:/texlive/2022/texmf-dist/tex/generic/xstring/xstring.sty
(c:/texlive/2022/texmf-dist/tex/generic/xstring/xstring.tex
\integerpart=\count319
\decimalpart=\count320
)
Package: xstring 2021/07/21 v1.84 String manipulations (CT)
)
(c:/texlive/2022/texmf-dist/tex/latex/pgfopts/pgfopts.sty
Package: pgfopts 2014/07/10 v2.1a LaTeX package options with pgfkeys
\pgfopts@list@add@a@toks=\toks44
\pgfopts@list@add@b@toks=\toks45
)
(c:/texlive/2022/texmf-dist/tex/generic/pgf/frontendlayer/tikz/libraries/tikzli
brarybackgrounds.code.tex
File: tikzlibrarybackgrounds.code.tex 2021/05/15 v3.1.9a (3.1.9a)
\pgf@layerbox@background=\box71
\pgf@layerboxsaved@background=\box72
)
(c:/texlive/2022/texmf-dist/tex/generic/pgf/frontendlayer/tikz/libraries/tikzli
braryarrows.code.tex
File: tikzlibraryarrows.code.tex 2021/05/15 v3.1.9a (3.1.9a)

(c:/texlive/2022/texmf-dist/tex/generic/pgf/libraries/pgflibraryarrows.code.tex
File: pgflibraryarrows.code.tex 2021/05/15 v3.1.9a (3.1.9a)
\arrowsize=\dimen295
))
(c:/texlive/2022/texmf-dist/tex/generic/pgf/frontendlayer/tikz/libraries/tikzli
braryshapes.code.tex
File: tikzlibraryshapes.code.tex 2021/05/15 v3.1.9a (3.1.9a)

(c:/texlive/2022/texmf-dist/tex/generic/pgf/frontendlayer/tikz/libraries/tikzli
braryshapes.geometric.code.tex
File: tikzlibraryshapes.geometric.code.tex 2021/05/15 v3.1.9a (3.1.9a)

(c:/texlive/2022/texmf-dist/tex/generic/pgf/libraries/shapes/pgflibraryshapes.g
eometric.code.tex
File: pgflibraryshapes.geometric.code.tex 2021/05/15 v3.1.9a (3.1.9a)
))
(c:/texlive/2022/texmf-dist/tex/generic/pgf/frontendlayer/tikz/libraries/tikzli
braryshapes.misc.code.tex
File: tikzlibraryshapes.misc.code.tex 2021/05/15 v3.1.9a (3.1.9a)

(c:/texlive/2022/texmf-dist/tex/generic/pgf/libraries/shapes/pgflibraryshapes.m
isc.code.tex
File: pgflibraryshapes.misc.code.tex 2021/05/15 v3.1.9a (3.1.9a)
))
(c:/texlive/2022/texmf-dist/tex/generic/pgf/frontendlayer/tikz/libraries/tikzli
braryshapes.symbols.code.tex
File: tikzlibraryshapes.symbols.code.tex 2021/05/15 v3.1.9a (3.1.9a)

(c:/texlive/2022/texmf-dist/tex/generic/pgf/libraries/shapes/pgflibraryshapes.s
ymbols.code.tex
File: pgflibraryshapes.symbols.code.tex 2021/05/15 v3.1.9a (3.1.9a)
))
(c:/texlive/2022/texmf-dist/tex/generic/pgf/frontendlayer/tikz/libraries/tikzli
braryshapes.arrows.code.tex
File: tikzlibraryshapes.arrows.code.tex 2021/05/15 v3.1.9a (3.1.9a)

(c:/texlive/2022/texmf-dist/tex/generic/pgf/libraries/shapes/pgflibraryshapes.a
rrows.code.tex
File: pgflibraryshapes.arrows.code.tex 2021/05/15 v3.1.9a (3.1.9a)
))
(c:/texlive/2022/texmf-dist/tex/generic/pgf/frontendlayer/tikz/libraries/tikzli
braryshapes.callouts.code.tex
(c:/texlive/2022/texmf-dist/tex/generic/pgf/libraries/shapes/pgflibraryshapes.c
allouts.code.tex))
(c:/texlive/2022/texmf-dist/tex/generic/pgf/frontendlayer/tikz/libraries/tikzli
braryshapes.multipart.code.tex
File: tikzlibraryshapes.multipart.code.tex 2021/05/15 v3.1.9a (3.1.9a)

(c:/texlive/2022/texmf-dist/tex/generic/pgf/libraries/shapes/pgflibraryshapes.m
ultipart.code.tex
File: pgflibraryshapes.multipart.code.tex 2021/05/15 v3.1.9a (3.1.9a)
\pgfnodepartlowerbox=\box73
\pgfnodeparttwobox=\box74
\pgfnodepartthreebox=\box75
\pgfnodepartfourbox=\box76
\pgfnodeparttwentybox=\box77
\pgfnodepartnineteenbox=\box78
\pgfnodeparteighteenbox=\box79
\pgfnodepartseventeenbox=\box80
\pgfnodepartsixteenbox=\box81
\pgfnodepartfifteenbox=\box82
\pgfnodepartfourteenbox=\box83
\pgfnodepartthirteenbox=\box84
\pgfnodeparttwelvebox=\box85
\pgfnodepartelevenbox=\box86
\pgfnodeparttenbox=\box87
\pgfnodepartninebox=\box88
\pgfnodeparteightbox=\box89
\pgfnodepartsevenbox=\box90
\pgfnodepartsixbox=\box91
\pgfnodepartfivebox=\box92
)))
(c:/texlive/2022/texmf-dist/tex/generic/pgf/frontendlayer/tikz/libraries/tikzli
braryfit.code.tex
File: tikzlibraryfit.code.tex 2021/05/15 v3.1.9a (3.1.9a)
)
(c:/texlive/2022/texmf-dist/tex/generic/pgf/frontendlayer/tikz/libraries/tikzli
braryshadows.code.tex
File: tikzlibraryshadows.code.tex 2021/05/15 v3.1.9a (3.1.9a)

(c:/texlive/2022/texmf-dist/tex/generic/pgf/frontendlayer/tikz/libraries/tikzli
braryfadings.code.tex
File: tikzlibraryfadings.code.tex 2021/05/15 v3.1.9a (3.1.9a)

(c:/texlive/2022/texmf-dist/tex/generic/pgf/libraries/pgflibraryfadings.code.te
x
File: pgflibraryfadings.code.tex 2021/05/15 v3.1.9a (3.1.9a)
)))
(c:/texlive/2022/texmf-dist/tex/generic/pgf/frontendlayer/tikz/libraries/tikzli
brarydecorations.markings.code.tex
(c:/texlive/2022/texmf-dist/tex/generic/pgf/frontendlayer/tikz/libraries/tikzli
brarydecorations.code.tex
(c:/texlive/2022/texmf-dist/tex/generic/pgf/modules/pgfmoduledecorations.code.t
ex
\pgfdecoratedcompleteddistance=\dimen296
\pgfdecoratedremainingdistance=\dimen297
\pgfdecoratedinputsegmentcompleteddistance=\dimen298
\pgfdecoratedinputsegmentremainingdistance=\dimen299
\pgf@decorate@distancetomove=\dimen300
\pgf@decorate@repeatstate=\count321
\pgfdecorationsegmentamplitude=\dimen301
\pgfdecorationsegmentlength=\dimen302
)
\tikz@lib@dec@box=\box93
)
(c:/texlive/2022/texmf-dist/tex/generic/pgf/libraries/decorations/pgflibrarydec
orations.markings.code.tex))
\c@tikzumlPackageLayers=\count322
\pgf@layerbox@package0=\box94
\pgf@layerboxsaved@package0=\box95
\pgf@layerbox@package1=\box96
\pgf@layerboxsaved@package1=\box97
\pgf@layerbox@package2=\box98
\pgf@layerboxsaved@package2=\box99
\pgf@layerbox@package3=\box100
\pgf@layerboxsaved@package3=\box101
\c@tikzumlFragmentLayers=\count323
\pgf@layerbox@fragment0=\box102
\pgf@layerboxsaved@fragment0=\box103
\pgf@layerbox@fragment1=\box104
\pgf@layerboxsaved@fragment1=\box105
\pgf@layerbox@fragment2=\box106
\pgf@layerboxsaved@fragment2=\box107
\pgf@layerbox@fragment3=\box108
\pgf@layerboxsaved@fragment3=\box109
\c@tikzumlStateLayers=\count324
\pgf@layerbox@state0=\box110
\pgf@layerboxsaved@state0=\box111
\pgf@layerbox@state1=\box112
\pgf@layerboxsaved@state1=\box113
\pgf@layerbox@state2=\box114
\pgf@layerboxsaved@state2=\box115
\pgf@layerbox@state3=\box116
\pgf@layerboxsaved@state3=\box117
\c@tikzumlComponentLayers=\count325
\pgf@layerbox@component0=\box118
\pgf@layerboxsaved@component0=\box119
\pgf@layerbox@component1=\box120
\pgf@layerboxsaved@component1=\box121
\pgf@layerbox@component2=\box122
\pgf@layerboxsaved@component2=\box123
\pgf@layerbox@component3=\box124
\pgf@layerboxsaved@component3=\box125
\pgf@layerbox@lifelines=\box126
\pgf@layerboxsaved@lifelines=\box127
\pgf@layerbox@activity=\box128
\pgf@layerboxsaved@activity=\box129
\pgf@layerbox@connections=\box130
\pgf@layerboxsaved@connections=\box131
\c@tikzumlPackageClassNum=\count326
\c@tikzumlPackageSubPackageNum=\count327
\c@tikzumlRelationNum=\count328
\c@tikzumlNoteNum=\count329
\c@pos=\count330
\c@posT=\count331
\c@posStereo=\count332
\c@tikzumlPackageLevel=\count333
\tikzumlNestingSymbolSize=\dimen303
\c@tikzumlSystemUseCaseNum=\count334
\c@tikzumlSystemLevel=\count335
\c@tikzumlUseCaseNum=\count336
\c@tikzumlActorNum=\count337
\c@tikzumlStateJoinNum=\count338
\c@tikzumlStateDecisionNum=\count339
\c@tikzumlStateInitialNum=\count340
\c@tikzumlStateFinalNum=\count341
\c@tikzumlStateEnterNum=\count342
\c@tikzumlStateExitNum=\count343
\c@tikzumlStateEndNum=\count344
\c@tikzumlStateHistoryNum=\count345
\c@tikzumlStateDeepHistoryNum=\count346
\c@tikzumlStateLevel=\count347
\c@tikzumlStateSubStateNum=\count348
\c@tikzumlStateText=\count349
\c@tikzumlObjectNum=\count350
\c@tikzumlCallLevel=\count351
\c@tikzumlCallNum=\count352
\c@tikzumlFragmentLevel=\count353
\c@tikzumlFragmentLevelNum=\count354
\c@tikzumlFragmentNum=\count355
\c@tikzumlFragmentPartNum=\count356
\c@tikzumlCallStartFragmentNum=\count357
\c@tikzumlCallEndFragmentNum=\count358
\c@tikzumlSDNodeNum=\count359
\tikzumlCall@xa=\skip73
\tikzumlCall@xb=\skip74
\c@tikzumlComponentLevel=\count360
\c@tikzumlComponentSubComponentNum=\count361
\c@tikzumlConnectorNum=\count362
\tikzuml@AC@xa=\skip75
\tikzuml@AC@ya=\skip76
\tikzuml@AC@xb=\skip77
\tikzuml@AC@yb=\skip78
\tikzuml@AC@xi=\skip79
\tikzuml@AC@yi=\skip80
\tikzuml@AC@xic=\skip81
\tikzuml@AC@yic=\skip82
\tikzuml@AC@xio=\skip83
\tikzuml@AC@yio=\skip84
\tikzuml@AC@AB=\skip85
\tikzuml@AC@lambda=\skip86
\tikzuml@AC@xtrc=\skip87
\tikzuml@AC@ytrc=\skip88
\tikzuml@AC@xtlc=\skip89
\tikzuml@AC@ytlc=\skip90
\tikzuml@AC@xblc=\skip91
\tikzuml@AC@yblc=\skip92
\tikzuml@AC@xbrc=\skip93
\tikzuml@AC@ybrc=\skip94
\tikzuml@AC@middleArm=\skip95
)
(c:/texlive/2022/texmf-dist/tex/latex/listings/listings.sty
\lst@mode=\count363
\lst@gtempboxa=\box132
\lst@token=\toks46
\lst@length=\count364
\lst@currlwidth=\dimen304
\lst@column=\count365
\lst@pos=\count366
\lst@lostspace=\dimen305
\lst@width=\dimen306
\lst@newlines=\count367
\lst@lineno=\count368
\lst@maxwidth=\dimen307

(c:/texlive/2022/texmf-dist/tex/latex/listings/lstmisc.sty
File: lstmisc.sty 2020/03/24 1.8d (Carsten Heinz)
\c@lstnumber=\count369
\lst@skipnumbers=\count370
\lst@framebox=\box133
)
(c:/texlive/2022/texmf-dist/tex/latex/listings/listings.cfg
File: listings.cfg 2020/03/24 1.8d listings configuration
))
Package: listings 2020/03/24 1.8d (Carsten Heinz)

(c:/texlive/2022/texmf-dist/tex/latex/biblatex/biblatex.sty
Package: biblatex 2022/02/02 v3.17 programmable bibliographies (PK/MW)

(c:/texlive/2022/texmf-dist/tex/latex/etoolbox/etoolbox.sty
Package: etoolbox 2020/10/05 v2.5k e-TeX tools for LaTeX (JAW)
\etb@tempcnta=\count371
)
(c:/texlive/2022/texmf-dist/tex/latex/logreq/logreq.sty
Package: logreq 2010/08/04 v1.0 xml request logger
\lrq@indent=\count372

(c:/texlive/2022/texmf-dist/tex/latex/logreq/logreq.def
File: logreq.def 2010/08/04 v1.0 logreq spec v1.0
))
\c@tabx@nest=\count373
\c@listtotal=\count374
\c@listcount=\count375
\c@liststart=\count376
\c@liststop=\count377
\c@citecount=\count378
\c@citetotal=\count379
\c@multicitecount=\count380
\c@multicitetotal=\count381
\c@instcount=\count382
\c@maxnames=\count383
\c@minnames=\count384
\c@maxitems=\count385
\c@minitems=\count386
\c@citecounter=\count387
\c@maxcitecounter=\count388
\c@savedcitecounter=\count389
\c@uniquelist=\count390
\c@uniquename=\count391
\c@refsection=\count392
\c@refsegment=\count393
\c@maxextratitle=\count394
\c@maxextratitleyear=\count395
\c@maxextraname=\count396
\c@maxextradate=\count397
\c@maxextraalpha=\count398
\c@abbrvpenalty=\count399
\c@highnamepenalty=\count400
\c@lownamepenalty=\count401
\c@maxparens=\count402
\c@parenlevel=\count403
\blx@tempcnta=\count404
\blx@tempcntb=\count405
\blx@tempcntc=\count406
\c@blx@maxsection=\count407
\c@blx@maxsegment@0=\count408
\blx@notetype=\count409
\blx@parenlevel@text=\count410
\blx@parenlevel@foot=\count411
\c@blx@sectionciteorder@0=\count412
\blx@entrysetcounter=\count413
\blx@biblioinstance=\count414
\labelnumberwidth=\skip96
\labelalphawidth=\skip97
\biblabelsep=\skip98
\bibitemsep=\skip99
\bibnamesep=\skip100
\bibinitsep=\skip101
\bibparsep=\skip102
\bibhang=\skip103
\blx@bcfin=\read3
\blx@bcfout=\write4
\blx@langwohyphens=\language87
\c@mincomprange=\count415
\c@maxcomprange=\count416
\c@mincompwidth=\count417
Package biblatex Info: Trying to load biblatex default data model...
Package biblatex Info: ... file 'blx-dm.def' found.

(c:/texlive/2022/texmf-dist/tex/latex/biblatex/blx-dm.def
File: blx-dm.def 2022/02/02 v3.17 biblatex localization (PK/MW)
)
Package biblatex Info: Trying to load biblatex style data model...
Package biblatex Info: ... file 'numeric.dbx' not found.
Package biblatex Info: Trying to load biblatex custom data model...
Package biblatex Info: ... file 'biblatex-dm.cfg' not found.
\c@afterword=\count418
\c@savedafterword=\count419
\c@annotator=\count420
\c@savedannotator=\count421
\c@author=\count422
\c@savedauthor=\count423
\c@bookauthor=\count424
\c@savedbookauthor=\count425
\c@commentator=\count426
\c@savedcommentator=\count427
\c@editor=\count428
\c@savededitor=\count429
\c@editora=\count430
\c@savededitora=\count431
\c@editorb=\count432
\c@savededitorb=\count433
\c@editorc=\count434
\c@savededitorc=\count435
\c@foreword=\count436
\c@savedforeword=\count437
\c@holder=\count438
\c@savedholder=\count439
\c@introduction=\count440
\c@savedintroduction=\count441
\c@namea=\count442
\c@savednamea=\count443
\c@nameb=\count444
\c@savednameb=\count445
\c@namec=\count446
\c@savednamec=\count447
\c@translator=\count448
\c@savedtranslator=\count449
\c@shortauthor=\count450
\c@savedshortauthor=\count451
\c@shorteditor=\count452
\c@savedshorteditor=\count453
\c@labelname=\count454
\c@savedlabelname=\count455
\c@institution=\count456
\c@savedinstitution=\count457
\c@lista=\count458
\c@savedlista=\count459
\c@listb=\count460
\c@savedlistb=\count461
\c@listc=\count462
\c@savedlistc=\count463
\c@listd=\count464
\c@savedlistd=\count465
\c@liste=\count466
\c@savedliste=\count467
\c@listf=\count468
\c@savedlistf=\count469
\c@location=\count470
\c@savedlocation=\count471
\c@organization=\count472
\c@savedorganization=\count473
\c@origlocation=\count474
\c@savedoriglocation=\count475
\c@origpublisher=\count476
\c@savedorigpublisher=\count477
\c@publisher=\count478
\c@savedpublisher=\count479
\c@language=\count480
\c@savedlanguage=\count481
\c@origlanguage=\count482
\c@savedoriglanguage=\count483
\c@pageref=\count484
\c@savedpageref=\count485
\shorthandwidth=\skip104
\shortjournalwidth=\skip105
\shortserieswidth=\skip106
\shorttitlewidth=\skip107
\shortauthorwidth=\skip108
\shorteditorwidth=\skip109
\locallabelnumberwidth=\skip110
\locallabelalphawidth=\skip111
\localshorthandwidth=\skip112
\localshortjournalwidth=\skip113
\localshortserieswidth=\skip114
\localshorttitlewidth=\skip115
\localshortauthorwidth=\skip116
\localshorteditorwidth=\skip117
Package biblatex Info: Trying to load compatibility code...
Package biblatex Info: ... file 'blx-compat.def' found.

(c:/texlive/2022/texmf-dist/tex/latex/biblatex/blx-compat.def
File: blx-compat.def 2022/02/02 v3.17 biblatex compatibility (PK/MW)
)
Package biblatex Info: Trying to load generic definitions...
Package biblatex Info: ... file 'biblatex.def' found.

(c:/texlive/2022/texmf-dist/tex/latex/biblatex/biblatex.def
File: biblatex.def 2022/02/02 v3.17 biblatex compatibility (PK/MW)
\c@textcitecount=\count486
\c@textcitetotal=\count487
\c@textcitemaxnames=\count488
\c@biburlbigbreakpenalty=\count489
\c@biburlbreakpenalty=\count490
\c@biburlnumpenalty=\count491
\c@biburlucpenalty=\count492
\c@biburllcpenalty=\count493
\biburlbigskip=\muskip18
\biburlnumskip=\muskip19
\biburlucskip=\muskip20
\biburllcskip=\muskip21
\c@smartand=\count494
)
Package biblatex Info: Trying to load bibliography style 'numeric'...
Package biblatex Info: ... file 'numeric.bbx' found.

(c:/texlive/2022/texmf-dist/tex/latex/biblatex/bbx/numeric.bbx
File: numeric.bbx 2022/02/02 v3.17 biblatex bibliography style (PK/MW)
Package biblatex Info: Trying to load bibliography style 'standard'...
Package biblatex Info: ... file 'standard.bbx' found.

(c:/texlive/2022/texmf-dist/tex/latex/biblatex/bbx/standard.bbx
File: standard.bbx 2022/02/02 v3.17 biblatex bibliography style (PK/MW)
\c@bbx:relatedcount=\count495
\c@bbx:relatedtotal=\count496
))
Package biblatex Info: Trying to load citation style 'numeric'...
Package biblatex Info: ... file 'numeric.cbx' found.

(c:/texlive/2022/texmf-dist/tex/latex/biblatex/cbx/numeric.cbx
File: numeric.cbx 2022/02/02 v3.17 biblatex citation style (PK/MW)
Package biblatex Info: Redefining '\cite'.
Package biblatex Info: Redefining '\parencite'.
Package biblatex Info: Redefining '\footcite'.
Package biblatex Info: Redefining '\footcitetext'.
Package biblatex Info: Redefining '\smartcite'.
Package biblatex Info: Redefining '\supercite'.
Package biblatex Info: Redefining '\textcite'.
Package biblatex Info: Redefining '\textcites'.
Package biblatex Info: Redefining '\cites'.
Package biblatex Info: Redefining '\parencites'.
Package biblatex Info: Redefining '\smartcites'.
)
Package biblatex Info: Trying to load configuration file...
Package biblatex Info: ... file 'biblatex.cfg' found.

(c:/texlive/2022/texmf-dist/tex/latex/biblatex/biblatex.cfg
File: biblatex.cfg 
)
Package biblatex Info: Input encoding 'utf8' detected.
Package biblatex Info: Document encoding is UTF8 ....

(c:/texlive/2022/texmf-dist/tex/latex/l3kernel/expl3.sty
Package: expl3 2022-05-04 L3 programming layer (loader) 

(c:/texlive/2022/texmf-dist/tex/latex/l3backend/l3backend-pdftex.def
File: l3backend-pdftex.def 2022-04-20 L3 backend support: PDF output (pdfTeX)
\l__color_backend_stack_int=\count497
\l__pdf_internal_box=\box134
))
Package biblatex Info: ... and expl3
(biblatex)             2022-05-04 L3 programming layer (loader) 
(biblatex)             is new enough (at least 2020/04/06),
(biblatex)             setting 'casechanger=expl3'.

(c:/texlive/2022/texmf-dist/tex/latex/biblatex/blx-case-expl3.sty
(c:/texlive/2022/texmf-dist/tex/latex/l3packages/xparse/xparse.sty
Package: xparse 2022-01-12 L3 Experimental document command parser
)
Package: blx-case-expl3 2022/02/02 v3.17 expl3 case changing code for biblatex
))
(c:/texlive/2022/texmf-dist/tex/latex/markdown/markdown.sty
(c:/texlive/2022/texmf-dist/tex/generic/markdown/markdown.tex
\markdownFrozenCacheCounter=\count498
\markdownInputFileStream=\read4
\markdownOutputFileStream=\write5
Package markdown Info: Using mode 0: Shell escape via write18 on input line 198
7.
)
Package: markdown 2022/05/17 v2.15.1-0-g4b33c77 markdown renderer

(c:/texlive/2022/texmf-dist/tex/latex/paralist/paralist.sty
Package: paralist 2017/01/22 v2.7 Extended list environments
\pltopsep=\skip118
\plpartopsep=\skip119
\plitemsep=\skip120
\plparsep=\skip121
\pl@lab=\toks47
)
(c:/texlive/2022/texmf-dist/tex/latex/csvsimple/csvsimple.sty
(c:/texlive/2022/texmf-dist/tex/latex/l3packages/l3keys2e/l3keys2e.sty
Package: l3keys2e 2022-01-12 LaTeX2e option processing using LaTeX3 keys
)
Package: csvsimple 2022/02/01 v2.3.0 LaTeX CSV file processing
)
(c:/texlive/2022/texmf-dist/tex/latex/csvsimple/csvsimple-legacy.sty
Package: csvsimple-legacy 2022/02/01 version 2.3.0 LaTeX2e CSV file processing

(c:/texlive/2022/texmf-dist/tex/latex/tools/shellesc.sty
Package: shellesc 2019/11/08 v1.0c unified shell escape interface for LaTeX
Package shellesc Info: Restricted shell escape enabled on input line 77.
)
\csv@file=\read5
\c@csvinputline=\count499
\c@csvrow=\count500
\c@csvcol=\count501
\csv@out=\write6
)
(c:/texlive/2022/texmf-dist/tex/latex/fancyvrb/fancyvrb.sty
Package: fancyvrb 2022/04/12 4.2 verbatim text (tvz,hv)
\FV@CodeLineNo=\count502
\FV@InFile=\read6
\FV@TabBox=\box135
\c@FancyVerbLine=\count503
\FV@StepNumber=\count504
\FV@OutFile=\write7
)
\markdownLaTeXCitationsCounter=\count505

(c:/texlive/2022/texmf-dist/tex/generic/gobble/gobble.sty
Package: gobble 2019/01/04 v0.2 Provides more gobble macros

(c:/texlive/2022/texmf-dist/tex/generic/gobble/gobble.tex))
\markdownLaTeXRowCounter=\count506
\markdownLaTeXRowTotal=\count507
\markdownLaTeXColumnCounter=\count508
\markdownLaTeXColumnTotal=\count509
\markdownLaTeXTable=\toks48
\markdownLaTeXTableAlignment=\toks49
\markdownLaTeXTableEnd=\toks50
)
(c:/texlive/2022/texmf-dist/tex/latex/geometry/geometry.sty
Package: geometry 2020/01/02 v5.9 Page Geometry

(c:/texlive/2022/texmf-dist/tex/generic/iftex/ifvtex.sty
Package: ifvtex 2019/10/25 v1.7 ifvtex legacy package. Use iftex instead.
)
\Gm@cnth=\count510
\Gm@cntv=\count511
\c@Gm@tempcnt=\count512
\Gm@bindingoffset=\dimen308
\Gm@wd@mp=\dimen309
\Gm@odd@mp=\dimen310
\Gm@even@mp=\dimen311
\Gm@layoutwidth=\dimen312
\Gm@layoutheight=\dimen313
\Gm@layouthoffset=\dimen314
\Gm@layoutvoffset=\dimen315
\Gm@dimlist=\toks51
)
(c:/texlive/2022/texmf-dist/tex/generic/pgf/libraries/pgflibraryarrows.meta.cod
e.tex
File: pgflibraryarrows.meta.code.tex 2021/05/15 v3.1.9a (3.1.9a)
\pgfarrowinset=\dimen316
\pgfarrowlength=\dimen317
\pgfarrowwidth=\dimen318
\pgfarrowlinewidth=\dimen319
)
(c:/texlive/2022/texmf-dist/tex/generic/pgf/frontendlayer/tikz/libraries/tikzli
braryautomata.code.tex
File: tikzlibraryautomata.code.tex 2021/05/15 v3.1.9a (3.1.9a)
)
(c:/texlive/2022/texmf-dist/tex/generic/pgf/frontendlayer/tikz/libraries/tikzli
brarycalc.code.tex
File: tikzlibrarycalc.code.tex 2021/05/15 v3.1.9a (3.1.9a)
)
(c:/texlive/2022/texmf-dist/tex/generic/pgf/frontendlayer/tikz/libraries/tikzli
brarycalendar.code.tex
File: tikzlibrarycalendar.code.tex 2021/05/15 v3.1.9a (3.1.9a)

(c:/texlive/2022/texmf-dist/tex/latex/pgf/utilities/pgfcalendar.sty
(c:/texlive/2022/texmf-dist/tex/generic/pgf/utilities/pgfcalendar.code.tex
File: pgfcalendar.code.tex 2021/05/15 v3.1.9a (3.1.9a)

(c:/texlive/2022/texmf-dist/tex/generic/pgf/math/pgfint.code.tex)
\pgfcalendarcurrentjulian=\count513
\pgf@cal@easter@Y=\count514
\pgf@cal@easter@G=\count515
\pgf@cal@easter@C=\count516
\pgf@cal@easter@X=\count517
\pgf@cal@easter@Z=\count518
\pgf@cal@easter@D=\count519
\pgf@cal@easter@E=\count520
\pgf@cal@easter@N=\count521
\pgf@cal@easter@M=\count522
\pgf@cal@easter@julianday=\count523
)))
(c:/texlive/2022/texmf-dist/tex/generic/pgf/frontendlayer/tikz/libraries/tikzli
braryer.code.tex
File: tikzlibraryer.code.tex 2021/05/15 v3.1.9a (3.1.9a)
)
(c:/texlive/2022/texmf-dist/tex/generic/pgf/frontendlayer/tikz/libraries/tikzli
braryfolding.code.tex
File: tikzlibraryfolding.code.tex 2021/05/15 v3.1.9a (3.1.9a)
\tikz@lib@fold@length=\dimen320
)
(c:/texlive/2022/texmf-dist/tex/generic/pgf/frontendlayer/tikz/libraries/tikzli
braryintersections.code.tex
(c:/texlive/2022/texmf-dist/tex/generic/pgf/libraries/pgflibraryintersections.c
ode.tex
(c:/texlive/2022/texmf-dist/tex/generic/pgf/libraries/pgflibraryfpu.code.tex)
\pgf@intersect@solutions=\count524
))
(c:/texlive/2022/texmf-dist/tex/generic/pgf/frontendlayer/tikz/libraries/tikzli
brarymatrix.code.tex
File: tikzlibrarymatrix.code.tex 2021/05/15 v3.1.9a (3.1.9a)
)
(c:/texlive/2022/texmf-dist/tex/generic/pgf/frontendlayer/tikz/libraries/tikzli
brarymindmap.code.tex
File: tikzlibrarymindmap.code.tex 2021/05/15 v3.1.9a (3.1.9a)

(c:/texlive/2022/texmf-dist/tex/generic/pgf/frontendlayer/tikz/libraries/tikzli
brarytrees.code.tex
File: tikzlibrarytrees.code.tex 2021/05/15 v3.1.9a (3.1.9a)
))
(c:/texlive/2022/texmf-dist/tex/generic/pgf/frontendlayer/tikz/libraries/tikzli
brarypatterns.code.tex
File: tikzlibrarypatterns.code.tex 2021/05/15 v3.1.9a (3.1.9a)

(c:/texlive/2022/texmf-dist/tex/generic/pgf/libraries/pgflibrarypatterns.code.t
ex
File: pgflibrarypatterns.code.tex 2021/05/15 v3.1.9a (3.1.9a)
))
(c:/texlive/2022/texmf-dist/tex/generic/pgf/frontendlayer/tikz/libraries/tikzli
braryplothandlers.code.tex
File: tikzlibraryplothandlers.code.tex 2021/05/15 v3.1.9a (3.1.9a)
)
(c:/texlive/2022/texmf-dist/tex/generic/pgf/frontendlayer/tikz/libraries/tikzli
braryplotmarks.code.tex
File: tikzlibraryplotmarks.code.tex 2021/05/15 v3.1.9a (3.1.9a)

(c:/texlive/2022/texmf-dist/tex/generic/pgf/libraries/pgflibraryplotmarks.code.
tex
File: pgflibraryplotmarks.code.tex 2021/05/15 v3.1.9a (3.1.9a)
))) (./00-DocumentSettings/PreTitle.tex)
(./00-DocumentSettings/Definitions.tex)
\@quotelevel=\count525
\@quotereset=\count526

No file Project.aux.
\openout1 = `Project.aux'.

LaTeX Font Info:    Checking defaults for OML/cmm/m/it on input line 7.
LaTeX Font Info:    ... okay on input line 7.
LaTeX Font Info:    Checking defaults for OMS/cmsy/m/n on input line 7.
LaTeX Font Info:    ... okay on input line 7.
LaTeX Font Info:    Checking defaults for OT1/cmr/m/n on input line 7.
LaTeX Font Info:    ... okay on input line 7.
LaTeX Font Info:    Checking defaults for T1/cmr/m/n on input line 7.
LaTeX Font Info:    ... okay on input line 7.
LaTeX Font Info:    Checking defaults for TS1/cmr/m/n on input line 7.
LaTeX Font Info:    ... okay on input line 7.
LaTeX Font Info:    Checking defaults for OMX/cmex/m/n on input line 7.
LaTeX Font Info:    ... okay on input line 7.
LaTeX Font Info:    Checking defaults for U/cmr/m/n on input line 7.
LaTeX Font Info:    ... okay on input line 7.
LaTeX Font Info:    Checking defaults for PD1/pdf/m/n on input line 7.
LaTeX Font Info:    ... okay on input line 7.
LaTeX Font Info:    Checking defaults for PU/pdf/m/n on input line 7.
LaTeX Font Info:    ... okay on input line 7.
Package hyperref Info: Link coloring OFF on input line 7.
\@outlinefile=\write8
\openout8 = `Project.out'.

Package caption Info: Begin \AtBeginDocument code.
Package caption Info: listings package is loaded.
Package caption Info: End \AtBeginDocument code.
Package lastpage Info: Please have a look at the pageslts package at
(lastpage)             https://www.ctan.org/pkg/pageslts
(lastpage)             ! on input line 7.
(c:/texlive/2022/texmf-dist/tex/context/base/mkii/supp-pdf.mkii
[Loading MPS to PDF converter (version 2006.09.02).]
\scratchcounter=\count527
\scratchdimen=\dimen321
\scratchbox=\box136
\nofMPsegments=\count528
\nofMParguments=\count529
\everyMPshowfont=\toks52
\MPscratchCnt=\count530
\MPscratchDim=\dimen322
\MPnumerator=\count531
\makeMPintoPDFobject=\count532
\everyMPtoPDFconversion=\toks53
) (c:/texlive/2022/texmf-dist/tex/latex/epstopdf-pkg/epstopdf-base.sty
Package: epstopdf-base 2020-01-24 v2.11 Base part for package epstopdf
Package epstopdf-base Info: Redefining graphics rule for `.eps' on input line 4
85.

(c:/texlive/2022/texmf-dist/tex/latex/latexconfig/epstopdf-sys.cfg
File: epstopdf-sys.cfg 2010/07/13 v1.3 Configuration of (r)epstopdf for TeX Liv
e
))
\c@lstlisting=\count533
Package biblatex Info: Trying to load language 'english'...
Package biblatex Info: ... file 'english.lbx' found.

(c:/texlive/2022/texmf-dist/tex/latex/biblatex/lbx/english.lbx
File: english.lbx 2022/02/02 v3.17 biblatex localization (PK/MW)
)
Package biblatex Info: Input encoding 'utf8' detected.
Package biblatex Info: Automatic encoding selection.
(biblatex)             Assuming data encoding 'utf8'.
\openout4 = `Project.bcf'.

Package biblatex Info: Trying to load bibliographic data...


Package biblatex Warning: File 'Project.bbl' is wrong format version - expected
 3.2.

Package biblatex Info: ... file 'Project.bbl' found.
(./Project.bbl

Package biblatex Warning: The following entry could not be found
(biblatex)                in the database:
(biblatex)                SQL server with docker
(biblatex)                Please verify the spelling and rerun
(biblatex)                LaTeX afterwards.

)
Package biblatex Info: Reference section=0 on input line 7.
Package biblatex Info: Reference segment=0 on input line 7.

*geometry* driver: auto-detecting
*geometry* detected driver: pdftex
*geometry* verbose mode - [ preamble ] result:
* driver: pdftex
* paper: <default>
* layout: <same size as paper>
* layoutoffset:(h,v)=(0.0pt,0.0pt)
* modes: 
* h-part:(L,W,R)=(89.38678pt, 435.52144pt, 89.38678pt)
* v-part:(T,H,B)=(89.38678pt, 616.19643pt, 89.38678pt)
* \paperwidth=614.295pt
* \paperheight=794.96999pt
* \textwidth=435.52144pt
* \textheight=616.19643pt
* \oddsidemargin=17.11679pt
* \evensidemargin=17.11679pt
* \topmargin=-19.88321pt
* \headheight=12.0pt
* \headsep=25.0pt
* \topskip=10.0pt
* \footskip=30.0pt
* \marginparwidth=65.0pt
* \marginparsep=11.0pt
* \columnsep=10.0pt
* \skip\footins=9.0pt plus 4.0pt minus 2.0pt
* \hoffset=0.0pt
* \voffset=0.0pt
* \mag=1000
* \@twocolumnfalse
* \@twosidefalse
* \@mparswitchfalse
* \@reversemarginfalse
* (1in=72.27pt=25.4mm, 1cm=28.453pt)

(./01-FrontMatter/FrontMatter.tex (./01-FrontMatter/Title.tex
<02-Body/Images/FrontImage.png, id=31, 803.0pt x 448.67625pt>
File: 02-Body/Images/FrontImage.png Graphic file (type png)
<use 02-Body/Images/FrontImage.png>
Package pdftex.def Info: 02-Body/Images/FrontImage.png  used on input line 2.
(pdftex.def)             Requested size: 240.90186pt x 134.60391pt.
LaTeX Font Info:    Trying to load font information for U+msa on input line 2.

(c:/texlive/2022/texmf-dist/tex/latex/amsfonts/umsa.fd
File: umsa.fd 2013/01/14 v3.01 AMS symbols A
)
LaTeX Font Info:    Trying to load font information for U+msb on input line 2.

(c:/texlive/2022/texmf-dist/tex/latex/amsfonts/umsb.fd
File: umsb.fd 2013/01/14 v3.01 AMS symbols B
) [1

{c:/texlive/2022/texmf-var/fonts/map/pdftex/updmap/pdftex.map} <./02-Body/Image
s/FrontImage.png (PNG copy)>]) (./01-FrontMatter/Abstract.tex
Underfull \hbox (badness 10000) in paragraph at lines 16--18

 []


Underfull \hbox (badness 10000) in paragraph at lines 37--39

 []

[2]) (./01-FrontMatter/Ansvar.tex
Overfull \hbox (32.6322pt too wide) in alignment at lines 2--23
 [] [] [] [] [] [] [] [] [] 
 []

[3]) (./01-FrontMatter/TOC.tex (./Project.toc [4])
\tf@toc=\write9
\openout9 = `Project.toc'.

 [5])) (./02-Body/Body.tex
(./02-Body/Introduction.tex

LaTeX Warning: Citation 'REFERENCE' on page 6 undefined on input line 4.


LaTeX Warning: Citation 'REFERENCE' on page 6 undefined on input line 4.


LaTeX Warning: Citation 'REFERENCE' on page 6 undefined on input line 6.

[6]) (./02-Body/Docs/Kravspecifikation.tex
<02-Body/Images/C4TopLvlDB.png, id=223, 489.62926pt x 371.58826pt>
File: 02-Body/Images/C4TopLvlDB.png Graphic file (type png)
<use 02-Body/Images/C4TopLvlDB.png>
Package pdftex.def Info: 02-Body/Images/C4TopLvlDB.png  used on input line 5.
(pdftex.def)             Requested size: 435.52144pt x 330.52539pt.


LaTeX Warning: Reference `fig:C4TopLvlDB' on page 7 undefined on input line 10.


[7 <./02-Body/Images/C4TopLvlDB.PNG>]
Underfull \hbox (badness 10000) in paragraph at lines 21--22

 []


Underfull \hbox (badness 10000) in paragraph at lines 25--26

 []


Underfull \hbox (badness 10000) in paragraph at lines 27--31

 []


Underfull \hbox (badness 10000) in paragraph at lines 32--36

 []


Underfull \hbox (badness 10000) in paragraph at lines 37--41

 []


Underfull \hbox (badness 10000) in paragraph at lines 43--47

 []


Underfull \hbox (badness 10000) in paragraph at lines 50--51

 []

[8]
Overfull \hbox (14.06271pt too wide) in paragraph at lines 83--84
[]\OT1/cmr/m/n/10 Hvis spilleren/f-jen-den ram-mer, bliver skaden bestemt af et
/flere simulerede terningekast, afh^^Zngigt
 []

[9]
Underfull \hbox (badness 10000) in paragraph at lines 104--105

 []

) (./02-Body/Docs/MethodeProcess.tex [10]

Package hyperref Warning: Difference (2) between bookmark levels is greater 
(hyperref)                than one, level fixed on input line 7.

<02-Body/Images/Agile.png, id=245, 475.7775pt x 456.70625pt>
File: 02-Body/Images/Agile.png Graphic file (type png)
<use 02-Body/Images/Agile.png>
Package pdftex.def Info: 02-Body/Images/Agile.png  used on input line 18.
(pdftex.def)             Requested size: 237.88815pt x 228.35255pt.
[11 <./02-Body/Images/Agile.png>]
<02-Body/Images/C4TopLvlDB.PNG, id=251, 489.62926pt x 371.58826pt>
File: 02-Body/Images/C4TopLvlDB.PNG Graphic file (type png)
<use 02-Body/Images/C4TopLvlDB.PNG>
Package pdftex.def Info: 02-Body/Images/C4TopLvlDB.PNG  used on input line 43.
(pdftex.def)             Requested size: 391.70393pt x 297.271pt.

Underfull \hbox (badness 10000) in paragraph at lines 57--61

 []

) (./02-Body/Analyse/Analyse.tex [12 <./02-Body/Images/C4TopLvlDB.PNG>]
(./02-Body/Analyse/DatabaseAnalyse.tex

LaTeX Warning: Citation 'Yalantis' on page 13 undefined on input line 22.


LaTeX Warning: Citation 'IBM' on page 13 undefined on input line 22.


LaTeX Warning: Citation 'MongoDB.com' on page 13 undefined on input line 22.


Underfull \hbox (badness 10000) in paragraph at lines 19--23

 []

)) (./02-Body/Arkitektur/Arkitektur-overordnet.tex

LaTeX Warning: Reference `fig:Arkitektur-SD-SaveGame' on page 13 undefined on i
nput line 9.

[13]

pdfTeX warning: pdflatex.exe (file ./02-Body/Images/Arkitektur-C4TopLevel.pdf):
 PDF inclusion: found PDF version <1.7>, but at most version <1.5> allowed
<02-Body/Images/Arkitektur-C4TopLevel.pdf, id=263, 605.86348pt x 468.67096pt>
File: 02-Body/Images/Arkitektur-C4TopLevel.pdf Graphic file (type pdf)
<use 02-Body/Images/Arkitektur-C4TopLevel.pdf>
Package pdftex.def Info: 02-Body/Images/Arkitektur-C4TopLevel.pdf  used on inpu
t line 13.
(pdftex.def)             Requested size: 435.52144pt x 336.90646pt.
(./02-Body/Arkitektur/FrontendArkitektur.tex

LaTeX Warning: Reference `fig:Arkitektur-FrontEnd-C3' on page 14 undefined on i
nput line 4.

[14 <./02-Body/Images/Arkitektur-C4TopLevel.pdf>]

pdfTeX warning: pdflatex.exe (file ./02-Body/Images/Frontend_C3.pdf): PDF inclu
sion: found PDF version <1.7>, but at most version <1.5> allowed
<02-Body/Images/Frontend_C3.pdf, id=281, 843.63177pt x 547.44528pt>
File: 02-Body/Images/Frontend_C3.pdf Graphic file (type pdf)
<use 02-Body/Images/Frontend_C3.pdf>
Package pdftex.def Info: 02-Body/Images/Frontend_C3.pdf  used on input line 8.
(pdftex.def)             Requested size: 435.52144pt x 282.60991pt.

Underfull \hbox (badness 10000) in paragraph at lines 14--20

 []


LaTeX Warning: Reference `fig:Arkitektur-FrontEnd-Save' on page 15 undefined on
 input line 23.


Underfull \hbox (badness 10000) in paragraph at lines 23--25

 []

[15 <./02-Body/Images/Frontend_C3.pdf>]

pdfTeX warning: pdflatex.exe (file ./02-Body/Images/Front-End_-_Arkitektur-save
game.pdf): PDF inclusion: found PDF version <1.7>, but at most version <1.5> al
lowed
<02-Body/Images/Front-End_-_Arkitektur-savegame.pdf, id=303, 557.92442pt x 351.
11174pt>
File: 02-Body/Images/Front-End_-_Arkitektur-savegame.pdf Graphic file (type pdf
)
<use 02-Body/Images/Front-End_-_Arkitektur-savegame.pdf>
Package pdftex.def Info: 02-Body/Images/Front-End_-_Arkitektur-savegame.pdf  us
ed on input line 28.
(pdftex.def)             Requested size: 435.52144pt x 274.08571pt.
[16 <./02-Body/Images/Front-End_-_Arkitektur-savegame.pdf>])
(./02-Body/Arkitektur/GameControllerArkitektur.tex

pdfTeX warning: pdflatex.exe (file ./02-Body/Images/Arkitektur - State Logic.pd
f): PDF inclusion: found PDF version <1.7>, but at most version <1.5> allowed
<02-Body/Images/Arkitektur - State Logic.pdf, id=330, 1208.83615pt x 1231.23991
pt>
File: 02-Body/Images/Arkitektur - State Logic.pdf Graphic file (type pdf)
<use 02-Body/Images/Arkitektur - State Logic.pdf>
Package pdftex.def Info: 02-Body/Images/Arkitektur - State Logic.pdf  used on i
nput line 6.
(pdftex.def)             Requested size: 435.52144pt x 443.5842pt.
[17 <./02-Body/Images/Arkitektur - State Logic.pdf>]

pdfTeX warning: pdflatex.exe (file ./02-Body/Images/Arkitektur - Combat State.p
df): PDF inclusion: found PDF version <1.7>, but at most version <1.5> allowed
<02-Body/Images/Arkitektur - Combat State.pdf, id=351, 1178.84409pt x 1192.6958
9pt>
File: 02-Body/Images/Arkitektur - Combat State.pdf Graphic file (type pdf)
<use 02-Body/Images/Arkitektur - Combat State.pdf>
Package pdftex.def Info: 02-Body/Images/Arkitektur - Combat State.pdf  used on 
input line 15.
(pdftex.def)             Requested size: 435.52144pt x 440.6354pt.
) [18] (./02-Body/Arkitektur/DatabaseArkitektur.tex [19 <./02-Body/Images/Arkit
ektur - Combat State.pdf>]
<02-Body/Images/RoomDescriptionsDB.PNG, id=370, 613.0905pt x 227.6505pt>
File: 02-Body/Images/RoomDescriptionsDB.PNG Graphic file (type png)
<use 02-Body/Images/RoomDescriptionsDB.PNG>
Package pdftex.def Info: 02-Body/Images/RoomDescriptionsDB.PNG  used on input l
ine 9.
(pdftex.def)             Requested size: 435.52144pt x 161.71982pt.


LaTeX Warning: Reference `fig:RoomDescriptionsDB' on page 20 undefined on input
 line 14.

)) (./02-Body/Design/Design-overordnet.tex

pdfTeX warning: pdflatex.exe (file ./02-Body/Images/Arkitektur-SDSaveGame.pdf):
 PDF inclusion: found PDF version <1.7>, but at most version <1.5> allowed
<02-Body/Images/Arkitektur-SDSaveGame.pdf, id=371, 936.6192pt x 491.436pt>
File: 02-Body/Images/Arkitektur-SDSaveGame.pdf Graphic file (type pdf)
<use 02-Body/Images/Arkitektur-SDSaveGame.pdf>
Package pdftex.def Info: 02-Body/Images/Arkitektur-SDSaveGame.pdf  used on inpu
t line 9.
(pdftex.def)             Requested size: 435.52144pt x 228.51538pt.
[20 <./02-Body/Images/RoomDescriptionsDB.PNG>]

pdfTeX warning: pdflatex.exe (file ./02-Body/Images/Arkitektur-SDLoadGame.pdf):
 PDF inclusion: found PDF version <1.7>, but at most version <1.5> allowed
<02-Body/Images/Arkitektur-SDLoadGame.pdf, id=378, 933.84883pt x 488.18384pt>
File: 02-Body/Images/Arkitektur-SDLoadGame.pdf Graphic file (type pdf)
<use 02-Body/Images/Arkitektur-SDLoadGame.pdf>
Package pdftex.def Info: 02-Body/Images/Arkitektur-SDLoadGame.pdf  used on inpu
t line 16.
(pdftex.def)             Requested size: 435.52144pt x 227.67354pt.
(./02-Body/Design/Frontend-Design.tex

LaTeX Warning: Reference `sec:unity-.net' on page 21 undefined on input line 4.



LaTeX Warning: Reference `sec:unity-.net' on page 21 undefined on input line 4.



Underfull \hbox (badness 10000) in paragraph at lines 4--5

 []

[21 <./02-Body/Images/Arkitektur-SDSaveGame.pdf> <./02-Body/Images/Arkitektur-S
DLoadGame.pdf

pdfTeX warning: pdflatex.exe (file ./02-Body/Images/Arkitektur-SDLoadGame.pdf):
 PDF inclusion: multiple pdfs with page group included in a single page
>]

LaTeX Warning: Reference `fig:Design-FE-mockup-room' on page 22 undefined on in
put line 7.


Underfull \hbox (badness 10000) in paragraph at lines 6--10

 []

<02-Body/Images/RoomMockup.PNG, id=424, 945.5325pt x 530.98375pt>
File: 02-Body/Images/RoomMockup.PNG Graphic file (type png)
<use 02-Body/Images/RoomMockup.PNG>
Package pdftex.def Info: 02-Body/Images/RoomMockup.PNG  used on input line 15.
(pdftex.def)             Requested size: 435.52144pt x 244.57956pt.
[22]) (./02-Body/Design/GameEngine.tex

pdfTeX warning: pdflatex.exe (file ./02-Body/Images/CoreClassDiagram.pdf): PDF 
inclusion: found PDF version <1.7>, but at most version <1.5> allowed
<02-Body/Images/CoreClassDiagram.pdf, id=429, 598.15468pt x 846.0408pt>
File: 02-Body/Images/CoreClassDiagram.pdf Graphic file (type pdf)
<use 02-Body/Images/CoreClassDiagram.pdf>
Package pdftex.def Info: 02-Body/Images/CoreClassDiagram.pdf  used on input lin
e 11.
(pdftex.def)             Requested size: 435.52144pt x 429.57336pt.
[23 <./02-Body/Images/roomMockup.png>] [24 <./02-Body/Images/CoreClassDiagram.p
df>]

LaTeX Warning: Reference `fig:CoreDiagram' on page 25 undefined on input line 4
7.


LaTeX Warning: Reference `fig:CoreDiagram' on page 25 undefined on input line 5
8.

[25]) (./02-Body/Design/BackendDesign.tex
Underfull \hbox (badness 10000) in paragraph at lines 5--6

 []


Underfull \hbox (badness 10000) in paragraph at lines 9--10

 []


Underfull \hbox (badness 10000) in paragraph at lines 11--13

 []


Underfull \hbox (badness 10000) in paragraph at lines 23--25

 []


Underfull \hbox (badness 10000) in paragraph at lines 33--34

 []


Underfull \hbox (badness 10000) in paragraph at lines 35--36

 []


LaTeX Warning: Citation 'Bcrypt' on page 26 undefined on input line 40.

[26]

LaTeX Warning: Reference `fig:Design-Backend-Klasse-1-2' on page 27 undefined o
n input line 50.

<02-Body/Images/Backend_klasse_1_2.PNG, id=474, 483.30562pt x 410.2828pt>
File: 02-Body/Images/Backend_klasse_1_2.PNG Graphic file (type png)
<use 02-Body/Images/Backend_klasse_1_2.PNG>
Package pdftex.def Info: 02-Body/Images/Backend_klasse_1_2.PNG  used on input l
ine 55.
(pdftex.def)             Requested size: 435.52144pt x 369.73315pt.

LaTeX Warning: Reference `fig:Design-Backend-Sekvens-15-17-18' on page 27 undef
ined on input line 60.


Underfull \hbox (badness 10000) in paragraph at lines 60--61

 []

[27 <./02-Body/Images/Backend_klasse_1_2.png>]
<02-Body/Images/Backend_klasse_15_17_18.PNG, id=481, 660.21657pt x 296.60812pt>

File: 02-Body/Images/Backend_klasse_15_17_18.PNG Graphic file (type png)
<use 02-Body/Images/Backend_klasse_15_17_18.PNG>
Package pdftex.def Info: 02-Body/Images/Backend_klasse_15_17_18.PNG  used on in
put line 65.
(pdftex.def)             Requested size: 435.52144pt x 195.66692pt.

Underfull \hbox (badness 10000) in paragraph at lines 70--71

 []


Underfull \hbox (badness 10000) in paragraph at lines 75--76

 []

[28 <./02-Body/Images/Backend_klasse_15_17_18.png>])
(./02-Body/Design/DAL-Design.tex

LaTeX Warning: Reference `fig:DAL-Klasse-7-17-18' on page 29 undefined on input
 line 2.


Underfull \hbox (badness 10000) in paragraph at lines 2--6

 []

<02-Body/Images/DAL-Database/DAL-DB-CD.PNG, id=488, 752.8125pt x 487.06969pt>
File: 02-Body/Images/DAL-Database/DAL-DB-CD.PNG Graphic file (type png)
<use 02-Body/Images/DAL-Database/DAL-DB-CD.PNG>
Package pdftex.def Info: 02-Body/Images/DAL-Database/DAL-DB-CD.PNG  used on inp
ut line 9.
(pdftex.def)             Requested size: 435.52144pt x 281.78712pt.

LaTeX Warning: Reference `fig:DAL-Sekvens-RumBeskrivelser' on page 29 undefined
 on input line 15.


Underfull \hbox (badness 10000) in paragraph at lines 15--16

 []

<02-Body/Images/DAL-Database/RoomDescriptionSd.PNG, id=489, 602.25pt x 223.5853
1pt>
File: 02-Body/Images/DAL-Database/RoomDescriptionSd.PNG Graphic file (type png)

<use 02-Body/Images/DAL-Database/RoomDescriptionSd.PNG>
Package pdftex.def Info: 02-Body/Images/DAL-Database/RoomDescriptionSd.PNG  use
d on input line 19.
(pdftex.def)             Requested size: 435.52144pt x 161.69432pt.
[29 <./02-Body/Images/DAL-Database/DAL-DB-CD.PNG>]
Underfull \hbox (badness 10000) in paragraph at lines 37--38

 []


LaTeX Warning: Reference `fig:DAL-Sekvens-7' on page 30 undefined on input line
 44.


Underfull \hbox (badness 10000) in paragraph at lines 40--45

 []

<02-Body/Images/DAL-Database/SaveSd.PNG, id=496, 320.69812pt x 622.57594pt>
File: 02-Body/Images/DAL-Database/SaveSd.PNG Graphic file (type png)
<use 02-Body/Images/DAL-Database/SaveSd.PNG>
Package pdftex.def Info: 02-Body/Images/DAL-Database/SaveSd.PNG  used on input 
line 49.
(pdftex.def)             Requested size: 304.86366pt x 591.85228pt.
[30 <./02-Body/Images/DAL-Database/RoomDescriptionSd.PNG>]
Overfull \vbox (9.65585pt too high) has occurred while \output is active []


[31 <./02-Body/Images/DAL-Database/SaveSd.PNG>]
Underfull \hbox (badness 10000) in paragraph at lines 55--59

 []


LaTeX Warning: Reference `fig:DAL-Sekvens-17' on page 32 undefined on input lin
e 61.

<02-Body/Images/DAL-Database/GetSavesSd.PNG, id=511, 680.5425pt x 294.34969pt>
File: 02-Body/Images/DAL-Database/GetSavesSd.PNG Graphic file (type png)
<use 02-Body/Images/DAL-Database/GetSavesSd.PNG>
Package pdftex.def Info: 02-Body/Images/DAL-Database/GetSavesSd.PNG  used on in
put line 65.
(pdftex.def)             Requested size: 435.52144pt x 188.37416pt.

Underfull \hbox (badness 10000) in paragraph at lines 70--74

 []


LaTeX Warning: Reference `fig:DAL-Sekvens-18' on page 32 undefined on input lin
e 77.


Underfull \hbox (badness 10000) in paragraph at lines 75--78

 []

<02-Body/Images/DAL-Database/GetSavesByIdSd.PNG, id=512, 538.26094pt x 360.5971
8pt>
File: 02-Body/Images/DAL-Database/GetSavesByIdSd.PNG Graphic file (type png)
<use 02-Body/Images/DAL-Database/GetSavesByIdSd.PNG>
Package pdftex.def Info: 02-Body/Images/DAL-Database/GetSavesByIdSd.PNG  used o
n input line 81.
(pdftex.def)             Requested size: 435.52144pt x 291.77399pt.
[32 <./02-Body/Images/DAL-Database/GetSavesSd.PNG>])
(./02-Body/Design/Database-Design.tex
Underfull \hbox (badness 10000) in paragraph at lines 86--1

 []


LaTeX Warning: Citation 'SQL server with docker' on page 33 undefined on input 
line 4.


Overfull \hbox (9.16516pt too wide) in paragraph at lines 4--6
\OT1/cmr/m/n/10 databasen lokalt p^^Wa en-heden. Til dette benyt-tede grup-pen 
et docker image[[]],
 []


Underfull \hbox (badness 10000) in paragraph at lines 4--6

 []


LaTeX Warning: Reference `fig:ER-Roomdescription' on page 33 undefined on input
 line 9.

<02-Body/Images/ER-RoomDescription.PNG, id=519, 170.88844pt x 118.19156pt>
File: 02-Body/Images/ER-RoomDescription.PNG Graphic file (type png)
<use 02-Body/Images/ER-RoomDescription.PNG>
Package pdftex.def Info: 02-Body/Images/ER-RoomDescription.PNG  used on input l
ine 13.
(pdftex.def)             Requested size: 174.2059pt x 120.49428pt.
[33 <./02-Body/Images/DAL-Database/GetSavesByIdSd.PNG>]

LaTeX Warning: Reference `fig:ER-GameSave' on page 34 undefined on input line 1
9.

<02-Body/Images/ER-GameSave.PNG, id=526, 444.91219pt x 287.57437pt>
File: 02-Body/Images/ER-GameSave.PNG Graphic file (type png)
<use 02-Body/Images/ER-GameSave.PNG>
Package pdftex.def Info: 02-Body/Images/ER-GameSave.PNG  used on input line 22.

(pdftex.def)             Requested size: 435.52144pt x 281.50502pt.
[34 <./02-Body/Images/ER-RoomDescription.png> <./02-Body/Images/ER-GameSave.png
>]

LaTeX Warning: Reference `Section: DB-Implementering' on page 35 undefined on i
nput line 45.

)) (./02-Body/Implementering/Implementering.tex
(./02-Body/Implementering/FEImplementering.tex
(c:/texlive/2022/texmf-dist/tex/latex/listings/lstlang1.sty
File: lstlang1.sty 2020/03/24 1.8d listings language file
)
(c:/texlive/2022/texmf-dist/tex/latex/listings/lstmisc.sty
File: lstmisc.sty 2020/03/24 1.8d (Carsten Heinz)
)
LaTeX Font Info:    Trying to load font information for OML+cmr on input line 1
0.

(c:/texlive/2022/texmf-dist/tex/latex/base/omlcmr.fd
File: omlcmr.fd 2019/12/16 v2.5j Standard LaTeX font definitions
)
LaTeX Font Info:    Font shape `OML/cmr/m/n' in size <10> not available
(Font)              Font shape `OML/cmm/m/it' tried instead on input line 10.
 [35]
LaTeX Font Info:    Trying to load font information for OMS+cmr on input line 1
5.

(c:/texlive/2022/texmf-dist/tex/latex/base/omscmr.fd
File: omscmr.fd 2019/12/16 v2.5j Standard LaTeX font definitions
)
LaTeX Font Info:    Font shape `OMS/cmr/m/n' in size <10> not available
(Font)              Font shape `OMS/cmsy/m/n' tried instead on input line 15.


LaTeX Warning: Reference `fig:Design-FE-impl-room' on page 36 undefined on inpu
t line 36.

<02-Body/Images/room_final.PNG, id=547, 1445.4pt x 784.43062pt>
File: 02-Body/Images/room_final.PNG Graphic file (type png)
<use 02-Body/Images/room_final.PNG>
Package pdftex.def Info: 02-Body/Images/room_final.PNG  used on input line 42.
(pdftex.def)             Requested size: 435.52144pt x 236.36037pt.
) (./02-Body/Implementering/GameEngineImplementering.tex [36]

LaTeX Warning: Reference `fig:CoreDiagram' on page 37 undefined on input line 4
.


Underfull \hbox (badness 10000) in paragraph at lines 20--24

 []

[37 <./02-Body/Images/room_final.png>] [38])
(./02-Body/Implementering/BackendImplementering.tex
Underfull \hbox (badness 10000) in paragraph at lines 5--6

 []


LaTeX Warning: Reference `fig:Implementering-Backend-Code-GetSave' on page 39 u
ndefined on input line 10.

<02-Body/Images/Backend_Code_GetSave.PNG, id=584, 309.40594pt x 287.57437pt>
File: 02-Body/Images/Backend_Code_GetSave.PNG Graphic file (type png)
<use 02-Body/Images/Backend_Code_GetSave.PNG>
Package pdftex.def Info: 02-Body/Images/Backend_Code_GetSave.PNG  used on input
 line 14.
(pdftex.def)             Requested size: 348.41847pt x 323.86264pt.

Underfull \hbox (badness 10000) in paragraph at lines 21--22

 []


LaTeX Warning: Reference `fig:Implementering-Backend-Code-Lgoin' on page 39 und
efined on input line 27.

<02-Body/Images/Backend_Code_Login.PNG, id=585, 483.30562pt x 201.75375pt>
File: 02-Body/Images/Backend_Code_Login.PNG Graphic file (type png)
<use 02-Body/Images/Backend_Code_Login.PNG>
Package pdftex.def Info: 02-Body/Images/Backend_Code_Login.PNG  used on input l
ine 31.
(pdftex.def)             Requested size: 435.52144pt x 181.81374pt.
[39 <./02-Body/Images/Backend_Code_GetSave.png>]
Underfull \hbox (badness 10000) in paragraph at lines 37--38

 []


LaTeX Warning: Citation 'Bcrypt' on page 40 undefined on input line 39.


Underfull \hbox (badness 10000) in paragraph at lines 39--40

 []


LaTeX Warning: Reference `fig:Implementering-Backend-Klasse-BackEndController' 
on page 40 undefined on input line 45.


Underfull \hbox (badness 10000) in paragraph at lines 44--46

 []

<02-Body/Images/Backend_klasse_BackEndController.PNG, id=592, 402.00188pt x 250
.68657pt>
File: 02-Body/Images/Backend_klasse_BackEndController.PNG Graphic file (type pn
g)
<use 02-Body/Images/Backend_klasse_BackEndController.PNG>
Package pdftex.def Info: 02-Body/Images/Backend_klasse_BackEndController.PNG  u
sed on input line 49.
(pdftex.def)             Requested size: 435.52144pt x 271.58662pt.
[40 <./02-Body/Images/Backend_Code_Login.png>]
Underfull \hbox (badness 10000) in paragraph at lines 54--55

 []

[41 <./02-Body/Images/Backend_klasse_BackEndController.png>])
(./02-Body/Implementering/DBImplementering.tex
Underfull \hbox (badness 10000) in paragraph at lines 3--9

 []


LaTeX Warning: Reference `fig:DbKeys' on page 42 undefined on input line 11.


LaTeX Warning: Reference `fig:ER-Roomdescription' on page 42 undefined on input
 line 11.


LaTeX Warning: Reference `fig:ER-GameSave' on page 42 undefined on input line 1
1.

<02-Body/Images/DAL-Database/DbKeys.PNG, id=605, 389.95688pt x 404.26031pt>
File: 02-Body/Images/DAL-Database/DbKeys.PNG Graphic file (type png)
<use 02-Body/Images/DAL-Database/DbKeys.PNG>
Package pdftex.def Info: 02-Body/Images/DAL-Database/DbKeys.PNG  used on input 
line 15.
(pdftex.def)             Requested size: 261.31552pt x 270.90851pt.

LaTeX Warning: Reference `fig:ER-Roomdescription' on page 42 undefined on input
 line 20.


LaTeX Warning: Reference `fig:ER-GameSave' on page 42 undefined on input line 2
0.


LaTeX Warning: Reference `fig:DbRelations' on page 42 undefined on input line 2
1.

<02-Body/Images/DAL-Database/DbRelations.PNG, id=606, 286.06876pt x 376.40625pt
>
File: 02-Body/Images/DAL-Database/DbRelations.PNG Graphic file (type png)
<use 02-Body/Images/DAL-Database/DbRelations.PNG>
Package pdftex.def Info: 02-Body/Images/DAL-Database/DbRelations.PNG  used on i
nput line 25.
(pdftex.def)             Requested size: 217.76071pt x 286.53119pt.
[42 <./02-Body/Images/DAL-Database/DbKeys.PNG>]

LaTeX Warning: Reference `fig:DbSeeding' on page 43 undefined on input line 30.


<02-Body/Images/DAL-Database/DbSeeding.PNG, id=613, 476.53032pt x 377.91188pt>
File: 02-Body/Images/DAL-Database/DbSeeding.PNG Graphic file (type png)
<use 02-Body/Images/DAL-Database/DbSeeding.PNG>
Package pdftex.def Info: 02-Body/Images/DAL-Database/DbSeeding.PNG  used on inp
ut line 34.
(pdftex.def)             Requested size: 370.19588pt x 293.59949pt.
)) (./02-Body/Test/Test.tex [43 <./02-Body/Images/DAL-Database/DbRelations.PNG>
] (./02-Body/Test/ModultestFrontend.tex [44 <./02-Body/Images/DAL-Database/DbSe
eding.PNG>]) (./02-Body/Test/GameEngineModulTest.tex

Package caption Warning: The option `hypcap=true' will be ignored for this
(caption)                particular \caption on input line 10.
See the caption package documentation for explanation.


pdfTeX warning (ext4): destination with the same identifier (name{table.1}) has
 been already used, duplicate ignored
<to be read again> 
                   \relax 
l.10 ...n endelig vurdering af test resultaterne.}
                                                  
Overfull \hbox (12.54109pt too wide) in alignment at lines 13--68
 [] [] [] [] 
 []

[45]
<02-body/Images/Test Results.png, id=640, 364.36125pt x 283.0575pt>
File: 02-body/Images/Test Results.png Graphic file (type png)
<use 02-body/Images/Test Results.png>
Package pdftex.def Info: 02-body/Images/Test Results.png  used on input line 79
.
(pdftex.def)             Requested size: 145.74191pt x 113.22098pt.
 [46 <./02-Body/Images/Test Results.png>])
(./02-Body/Test/Database-modultest.tex
Underfull \hbox (badness 10000) in paragraph at lines 3--4

 []


LaTeX Warning: Reference `fig:SaveGame-test' on page 47 undefined on input line
 8.

<02-Body/Images/DAL-Database/DB-Test.png, id=651, 210.7875pt x 200.24812pt>
File: 02-Body/Images/DAL-Database/DB-Test.png Graphic file (type png)
<use 02-Body/Images/DAL-Database/DB-Test.png>
Package pdftex.def Info: 02-Body/Images/DAL-Database/DB-Test.png  used on input
 line 14.
(pdftex.def)             Requested size: 217.76071pt x 206.87814pt.

LaTeX Warning: Reference `fig:datastudie-fr' on page 47 undefined on input li
ne 19.

<02-Body/Images/DAL-Database/DatastudieFrIndsttelse.png, id=652, 476.53032p
t x 132.495pt>
File: 02-Body/Images/DAL-Database/DatastudieFrIndsttelse.png Graphic file (
type png)
<use 02-Body/Images/DAL-Database/DatastudieFrIndsttelse.png>
Package pdftex.def Info: 02-Body/Images/DAL-Database/DatastudieFrIndsttelse
.png  used on input line 24.
(pdftex.def)             Requested size: 435.52144pt x 121.09828pt.
[47 <./02-Body/Images/DAL-Database/DB-Test.PNG>]

LaTeX Warning: Reference `fig:SaveGame-test' on page 48 undefined on input line
 29.


LaTeX Warning: Reference `fig:datastudie-efter' on page 48 undefined on input l
ine 30.

<02-Body/Images/DAL-Database/DataStudieEfterIndsttelse.png, id=659, 420.06938
pt x 115.93312pt>
File: 02-Body/Images/DAL-Database/DataStudieEfterIndsttelse.png Graphic file 
(type png)
<use 02-Body/Images/DAL-Database/DataStudieEfterIndsttelse.png>
Package pdftex.def Info: 02-Body/Images/DAL-Database/DataStudieEfterIndsttels
e.png  used on input line 34.
(pdftex.def)             Requested size: 435.52144pt x 120.19788pt.

LaTeX Warning: Reference `fig:Datastudie-ekstra' on page 48 undefined on input 
line 39.

<02-Body/Images/DAL-Database/Lister.png, id=660, 95.35625pt x 98.3675pt>
File: 02-Body/Images/DAL-Database/Lister.png Graphic file (type png)
<use 02-Body/Images/DAL-Database/Lister.png>
Package pdftex.def Info: 02-Body/Images/DAL-Database/Lister.png  used on input 
line 43.
(pdftex.def)             Requested size: 174.2059pt x 179.73003pt.

LaTeX Warning: Reference `table:Modulttest-DB-Tabel' on page 48 undefined on in
put line 48.

[48 <./02-Body/Images/DAL-Database/DatastudieFrIndsttelse.png> <./02-Body/I
mages/DAL-Database/DataStudieEfterIndsttelse.png> <./02-Body/Images/DAL-Datab
ase/Lister.png>]
Underfull \hbox (badness 10000) in paragraph at lines 56--56
[]\OT1/cmr/bx/n/10 Vurdering
 []


Overfull \hbox (5.77847pt too wide) in paragraph at lines 57--57
[]\OT1/cmr/m/n/10 GetRoomDescription(id)| 
 []


Underfull \hbox (badness 1371) in paragraph at lines 57--57
[]\OT1/cmr/m/n/10 Her for-ventes det at
 []


Underfull \hbox (badness 10000) in paragraph at lines 57--57
\OT1/cmr/m/n/10 funk-tio-nen hen-ter
 []


Underfull \hbox (badness 5954) in paragraph at lines 57--57
\OT1/cmr/m/n/10 beskriv-elsen fra den
 []


Underfull \hbox (badness 10000) in paragraph at lines 57--57
[]\OT1/cmr/m/n/10 Funktionen hen-
 []


Underfull \hbox (badness 6173) in paragraph at lines 57--57
\OT1/cmr/m/n/10 og vi kan ud-skrive
 []


Underfull \hbox (badness 10000) in paragraph at lines 58--58
\OT1/cmr/m/n/10 spillets saves, med
 []


Underfull \hbox (badness 1320) in paragraph at lines 59--59
[]\OT1/cmr/m/n/10 Det for-ventes at der
 []


Underfull \hbox (badness 10000) in paragraph at lines 59--59
\OT1/cmr/m/n/10 om et enkelt save
 []


Underfull \hbox (badness 10000) in paragraph at lines 59--59
\OT1/cmr/m/n/10 fra databasen med
 []


Underfull \hbox (badness 10000) in paragraph at lines 60--60
[]\OT1/cmr/m/n/10 Det for-ventes at
 []


Underfull \hbox (badness 1931) in paragraph at lines 60--60
\OT1/cmr/m/n/10 det val-gte save med
 []


Underfull \hbox (badness 6412) in paragraph at lines 60--60
\OT1/cmr/m/n/10 samme id som det
 []


Underfull \hbox (badness 4899) in paragraph at lines 60--60
\OT1/cmr/m/n/10 nye, over-skrives, og
 []


Underfull \hbox (badness 10000) in paragraph at lines 60--60
\OT1/cmr/m/n/10 at tilh^^\rende info
 []


Overfull \hbox (1.47754pt too wide) in paragraph at lines 54--62
[][] 
 []

) (./02-Body/Test/BackendModultest.tex

LaTeX Warning: Reference `ssec: Modultest database' on page 49 undefined on inp
ut line 3.


Underfull \hbox (badness 10000) in paragraph at lines 3--4

 []


LaTeX Warning: Citation 'Swagger' on page 49 undefined on input line 5.


LaTeX Warning: Reference `fig:Modultest-Backend-swagger' on page 49 undefined o
n input line 5.


Underfull \hbox (badness 10000) in paragraph at lines 5--6

 []

<02-Body/Images/Backend_swagger.PNG, id=671, 483.30562pt x 253.69781pt>
File: 02-Body/Images/Backend_swagger.PNG Graphic file (type png)
<use 02-Body/Images/Backend_swagger.PNG>
Package pdftex.def Info: 02-Body/Images/Backend_swagger.PNG  used on input line
 9.
(pdftex.def)             Requested size: 435.52144pt x 228.624pt.
[49]
Underfull \hbox (badness 10000) in paragraph at lines 14--15

 []


LaTeX Warning: Reference `table: succes' on page 50 undefined on input line 16.



Underfull \hbox (badness 10000) in paragraph at lines 16--17

 []


Underfull \hbox (badness 10000) in paragraph at lines 23--23
[]\OT1/cmr/bx/n/10 Vurdering
 []


Underfull \hbox (badness 10000) in paragraph at lines 24--24
[]\OT1/cmr/m/n/10 PostSave(SaveDTO
 []


Underfull \hbox (badness 4193) in paragraph at lines 24--24
[]\OT1/cmr/m/n/10 Der bliver sendt et
 []


Underfull \hbox (badness 2269) in paragraph at lines 24--24
\OT1/cmr/m/n/10 r-rekte v^^Zrdier bliver
 []


Underfull \hbox (badness 3199) in paragraph at lines 25--25
[]\OT1/cmr/m/n/10 Register(UserDTO re-
 []


Underfull \hbox (badness 10000) in paragraph at lines 25--25
\OT1/cmr/m/n/10 oplysninger omkring
 []


Underfull \hbox (badness 4467) in paragraph at lines 25--25
[]\OT1/cmr/m/n/10 Brugeren bliver reg-
 []


Underfull \hbox (badness 10000) in paragraph at lines 25--25
\OT1/cmr/m/n/10 blandt de an-dre
 []


Underfull \hbox (badness 10000) in paragraph at lines 25--25
\OT1/cmr/m/n/10 der re-turneres en
 []


Underfull \hbox (badness 10000) in paragraph at lines 26--26
[]\OT1/cmr/m/n/10 Login(UserDTO
 []


Underfull \hbox (badness 10000) in paragraph at lines 26--26
[]\OT1/cmr/m/n/10 Der tjekkes om
 []


Underfull \hbox (badness 10000) in paragraph at lines 26--26
\OT1/cmr/m/n/10 oplysningerne passer
 []


Underfull \hbox (badness 10000) in paragraph at lines 26--26
\OT1/cmr/m/n/10 med en reg-istr-eret
 []


Underfull \hbox (badness 10000) in paragraph at lines 26--26
\OT1/cmr/m/n/10 bruger, og passer
 []


Underfull \hbox (badness 5431) in paragraph at lines 26--26
\OT1/cmr/m/n/10 det logges der ind.
 []


Underfull \hbox (badness 10000) in paragraph at lines 26--26
\OT1/cmr/m/n/10 Der re-turneres en
 []


Underfull \hbox (badness 4805) in paragraph at lines 28--28
[]\OT1/cmr/m/n/10 Der hentes en liste
 []


Underfull \hbox (badness 4229) in paragraph at lines 28--28
\OT1/cmr/m/n/10 af game states, for
 []


Underfull \hbox (badness 10000) in paragraph at lines 28--28
\OT1/cmr/m/n/10 for den speci-fikke
 []


Overfull \hbox (5.50069pt too wide) in paragraph at lines 29--29
[]\OT1/cmr/m/n/10 GetRoomDescription(int
 []


Overfull \hbox (1.47754pt too wide) in paragraph at lines 22--31
[][] 
 []

[50 <./02-Body/Images/Backend_swagger.png>]
Underfull \hbox (badness 10000) in paragraph at lines 39--39
[]\OT1/cmr/bx/n/10 Vurdering
 []


Underfull \hbox (badness 3199) in paragraph at lines 40--40
[]\OT1/cmr/m/n/10 Register(UserDTO re-
 []


Underfull \hbox (badness 10000) in paragraph at lines 40--40
[]\OT1/cmr/m/n/10 Brugernavnet er
 []


Underfull \hbox (badness 5519) in paragraph at lines 40--40
\OT1/cmr/m/n/10 allerede i brug, og
 []


Underfull \hbox (badness 1478) in paragraph at lines 40--40
\OT1/cmr/m/n/10 "Name is al-ready in
 []


Underfull \hbox (badness 10000) in paragraph at lines 41--41
[]\OT1/cmr/m/n/10 Login(UserDTO
 []


Underfull \hbox (badness 10000) in paragraph at lines 41--41
[]\OT1/cmr/m/n/10 Oplysningerne stem-
 []


Underfull \hbox (badness 10000) in paragraph at lines 44--44
[]\OT1/cmr/m/n/10 PostSave(SaveDTO
 []


Overfull \hbox (1.47754pt too wide) in paragraph at lines 38--47
[][] 
 []

[51] [52]) (./02-Body/Test/TidligIntegration.tex
Underfull \hbox (badness 10000) in paragraph at lines 2--3

 []


Underfull \hbox (badness 10000) in paragraph at lines 4--5

 []


Underfull \hbox (badness 10000) in paragraph at lines 6--10

 []

) (./02-Body/Test/FuldeIntegrationsTest.tex
Underfull \hbox (badness 10000) in paragraph at lines 4--5

 []


Underfull \hbox (badness 10000) in paragraph at lines 6--7

 []


Underfull \hbox (badness 10000) in paragraph at lines 8--9

 []


Underfull \hbox (badness 10000) in paragraph at lines 10--11

 []

) (./02-Body/Test/AccepttestSpecifikation.tex [53]
Underfull \hbox (badness 10000) in paragraph at lines 20--22

 []


Underfull \hbox (badness 10000) in paragraph at lines 33--35

 []


Underfull \hbox (badness 10000) in paragraph at lines 48--50

 []


Underfull \hbox (badness 10000) in paragraph at lines 60--62

 []

[54]
Underfull \hbox (badness 10000) in paragraph at lines 76--78

 []


Underfull \hbox (badness 10000) in paragraph at lines 89--91

 []


Underfull \hbox (badness 2903) in paragraph at lines 102--102
\OT1/cmr/m/n/10 mak-si-malt 5 save
 []


Underfull \hbox (badness 10000) in paragraph at lines 102--103
[]\OT1/cmr/m/n/10 Front-end be-
 []


Underfull \hbox (badness 10000) in paragraph at lines 102--103
\OT1/cmr/m/n/10 gr^^Znser an-
 []


Underfull \hbox (badness 10000) in paragraph at lines 102--103
\OT1/cmr/m/n/10 tal gemte spil,
 []


Underfull \hbox (badness 1281) in paragraph at lines 102--103
\OT1/cmr/m/n/10 databasen kan in-
 []


Underfull \hbox (badness 10000) in paragraph at lines 106--106
\OT1/cmr/m/n/10 gen-stande man
 []


Underfull \hbox (badness 3471) in paragraph at lines 108--108
[]\OT1/cmr/m/n/10 Skal gemme hvor
 []


Underfull \hbox (badness 10000) in paragraph at lines 110--110
\OT1/cmr/m/n/10 fjen-der man har
 []


Underfull \hbox (badness 7649) in paragraph at lines 112--112
\OT1/cmr/m/n/10 puz-zles man har
 []

[55]
Underfull \hbox (badness 5548) in paragraph at lines 127--127
[]\OT1/cmr/m/n/10 Spillets kort skal
 []


Underfull \hbox (badness 10000) in paragraph at lines 127--127
\OT1/cmr/m/n/10 rum man kan
 []


Underfull \hbox (badness 2435) in paragraph at lines 127--127
\OT1/cmr/m/n/10 komme til for et
 []


Underfull \hbox (badness 5548) in paragraph at lines 129--129
[]\OT1/cmr/m/n/10 Spillets kort skal
 []


Underfull \hbox (badness 2547) in paragraph at lines 129--129
\OT1/cmr/m/n/10 kun vise de rum
 []


Underfull \hbox (badness 3343) in paragraph at lines 129--129
\OT1/cmr/m/n/10 som spilleren har
 []


Underfull \hbox (badness 2644) in paragraph at lines 131--131
[]\OT1/cmr/m/n/10 Spillets kort skal,
 []


Underfull \hbox (badness 3343) in paragraph at lines 131--131
\OT1/cmr/m/n/10 hvis spilleren har
 []


Underfull \hbox (badness 2707) in paragraph at lines 131--131
\OT1/cmr/m/n/10 v^^Zret i alle rum
 []


Underfull \hbox (badness 1331) in paragraph at lines 133--133
[]\OT1/cmr/m/n/10 Et rum kan have
 []


Underfull \hbox (badness 10000) in paragraph at lines 133--133
\OT1/cmr/m/n/10 mak-si-malt 4
 []


Underfull \hbox (badness 10000) in paragraph at lines 133--133
\OT1/cmr/m/n/10 forbindelser til
 []


Underfull \hbox (badness 10000) in paragraph at lines 135--135
[]\OT1/cmr/m/n/10 Et rum skal
 []


Underfull \hbox (badness 10000) in paragraph at lines 135--135
\OT1/cmr/m/n/10 have mindst 1
 []


Underfull \hbox (badness 10000) in paragraph at lines 135--135
\OT1/cmr/m/n/10 forbindelse til
 []


Underfull \hbox (badness 10000) in paragraph at lines 137--137
[]\OT1/cmr/m/n/10 Alle Rum skal
 []


Underfull \hbox (badness 10000) in paragraph at lines 137--137
\OT1/cmr/m/n/10 kunne n^^Was fra
 []


Underfull \hbox (badness 10000) in paragraph at lines 137--137
\OT1/cmr/m/n/10 m^^Waske ikke di-
 []


Underfull \hbox (badness 10000) in paragraph at lines 137--137
\OT1/cmr/m/n/10 rekte, men man
 []


Underfull \hbox (badness 10000) in paragraph at lines 137--138
[]\OT1/cmr/m/n/10 Tutorial rum er
 []


Underfull \hbox (badness 10000) in paragraph at lines 137--138
\OT1/cmr/m/n/10 ikke tilg^^Zn-geligt,
 []


Underfull \hbox (badness 10000) in paragraph at lines 137--138
\OT1/cmr/m/n/10 n^^War bruger har
 []


Underfull \hbox (badness 10000) in paragraph at lines 139--139
[]\OT1/cmr/m/n/10 Spillerens rygs^^Zk
 []


Underfull \hbox (badness 7704) in paragraph at lines 139--139
\OT1/cmr/m/n/10 skal kunne in-de-
 []


Underfull \hbox (badness 2903) in paragraph at lines 139--139
\OT1/cmr/m/n/10 holde alle spillets
 []


Underfull \hbox (badness 10000) in paragraph at lines 141--141
\OT1/cmr/m/n/10 mu-lighed for at
 []


Underfull \hbox (badness 10000) in paragraph at lines 143--143
\OT1/cmr/m/n/10 mu-lighed for at
 []


Underfull \hbox (badness 6825) in paragraph at lines 143--143
\OT1/cmr/m/n/10 og hvilket skjold
 []

[56]
Underfull \hbox (badness 2644) in paragraph at lines 156--156
[]\OT1/cmr/m/n/10 N^^War spilleren/f-jen-
 []


Underfull \hbox (badness 2285) in paragraph at lines 156--156
\OT1/cmr/m/n/10 ram-mer man kun
 []


Underfull \hbox (badness 4673) in paragraph at lines 156--156
\OT1/cmr/m/n/10 hvis man p^^Wa sit
 []


Underfull \hbox (badness 10000) in paragraph at lines 156--156
\OT1/cmr/m/n/10 rust-ningsv^^Zrdi.
 []


Underfull \hbox (badness 10000) in paragraph at lines 156--156
\OT1/cmr/m/n/10 Dette afg^^\res af
 []


Underfull \hbox (badness 10000) in paragraph at lines 156--156
\OT1/cmr/m/n/10 et simuleret 20
 []


Underfull \hbox (badness 1253) in paragraph at lines 156--156
\OT1/cmr/m/n/10 hvor-til der l^^Zgges
 []


Underfull \hbox (badness 10000) in paragraph at lines 156--156
\OT1/cmr/m/n/10 re-spon-derende til
 []


Underfull \hbox (badness 10000) in paragraph at lines 156--156
\OT1/cmr/m/n/10 spilleren/f-jen-dens
 []


Underfull \hbox (badness 1852) in paragraph at lines 158--158
\OT1/cmr/m/n/10 et/flere simulerede
 []


Underfull \hbox (badness 10000) in paragraph at lines 158--158
\OT1/cmr/m/n/10 terningekast,
 []


Underfull \hbox (badness 10000) in paragraph at lines 158--158
\OT1/cmr/m/n/10 afh^^Zngigt af
 []


Underfull \hbox (badness 2111) in paragraph at lines 158--158
\OT1/cmr/m/n/10 hvilket v^^Waben der
 []


Underfull \hbox (badness 10000) in paragraph at lines 160--160
[]\OT1/cmr/m/n/10 Hvis spilleren/f-
 []


Underfull \hbox (badness 10000) in paragraph at lines 160--160
\OT1/cmr/m/n/10 jen-den ram-mer,
 []


Underfull \hbox (badness 10000) in paragraph at lines 160--160
\OT1/cmr/m/n/10 bliver skaden
 []


Underfull \hbox (badness 10000) in paragraph at lines 160--160
\OT1/cmr/m/n/10 flere simulerede
 []


Underfull \hbox (badness 10000) in paragraph at lines 160--160
\OT1/cmr/m/n/10 terningekast,
 []


Underfull \hbox (badness 10000) in paragraph at lines 160--160
\OT1/cmr/m/n/10 afh^^Zngigt af
 []


Underfull \hbox (badness 2111) in paragraph at lines 160--160
\OT1/cmr/m/n/10 hvilket v^^Waben der
 []


Underfull \hbox (badness 10000) in paragraph at lines 164--164
[]\OT1/cmr/m/n/10 Hvis fjen-den,
 []


Underfull \hbox (badness 1577) in paragraph at lines 164--164
\OT1/cmr/m/n/10 n^^War nul liv in-den
 []


Underfull \hbox (badness 10000) in paragraph at lines 164--164
\OT1/cmr/m/n/10 spilleren, s^^Wa d^^\r
 []


Underfull \hbox (badness 7576) in paragraph at lines 164--164
\OT1/cmr/m/n/10 kan nu frit ud-
 []


Underfull \hbox (badness 10000) in paragraph at lines 164--164
\OT1/cmr/m/n/10 forske rum-met,
 []


Underfull \hbox (badness 10000) in paragraph at lines 166--166
[]\OT1/cmr/m/n/10 Hvis spilleren
 []


Underfull \hbox (badness 1264) in paragraph at lines 166--166
\OT1/cmr/m/n/10 nu-v^^Zrende liv sat
 []


Underfull \hbox (badness 1748) in paragraph at lines 166--167
[]\OT1/cmr/m/n/10 Livseliksir er ikke
 []


Underfull \hbox (badness 10000) in paragraph at lines 148--169

 []

[57]
Underfull \hbox (badness 10000) in paragraph at lines 181--181
[]\OT1/cmr/m/n/10 Spillet m^^Wa ikke
 []


Underfull \hbox (badness 10000) in paragraph at lines 181--181
\OT1/cmr/m/n/10 have mere end
 []


Underfull \hbox (badness 10000) in paragraph at lines 181--181
\OT1/cmr/m/n/10 ^^Sen kom-mando i
 []


Underfull \hbox (badness 10000) in paragraph at lines 181--181
\OT1/cmr/m/n/10 ak-tionsk^^\en af
 []


Underfull \hbox (badness 10000) in paragraph at lines 181--182
[]\OT1/cmr/m/n/10 Aktions k^^\ er
 []


Underfull \hbox (badness 1308) in paragraph at lines 181--182
\OT1/cmr/m/n/10 ikke blevet im-ple-
 []

[58]) (./02-Body/Test/Discussion.tex

LaTeX Warning: Reference `sec:kravspec' on page 59 undefined on input line 4.


Underfull \hbox (badness 10000) in paragraph at lines 2--6

 []


LaTeX Warning: Reference `tab:testEngine' on page 59 undefined on input line 8.



Underfull \hbox (badness 10000) in paragraph at lines 7--14

 []


Underfull \hbox (badness 10000) in paragraph at lines 15--18

 []


Underfull \hbox (badness 10000) in paragraph at lines 19--24

 []


LaTeX Warning: Reference `sec:kravspec' on page 59 undefined on input line 26.

)) (./02-Body/Docs/Fremtidig-Arbejde.tex
Underfull \hbox (badness 10000) in paragraph at lines 25--1

 []


Underfull \hbox (badness 10000) in paragraph at lines 2--3

 []

[59]
Underfull \hbox (badness 10000) in paragraph at lines 4--5

 []


Underfull \hbox (badness 10000) in paragraph at lines 6--7

 []

) (./02-Body/Docs/Konklusion.tex
Underfull \hbox (badness 10000) in paragraph at lines 6--10

 []


Underfull \hbox (badness 10000) in paragraph at lines 19--23

 []

[60])) (./03-EndMatter/EndMatter.tex (./03-EndMatter/References.tex)
(./03-EndMatter/BilagsListe.tex)) 
AED: lastpage setting LastPage
[61] (./Project.aux)

LaTeX Warning: There were undefined references.


LaTeX Warning: Label(s) may have changed. Rerun to get cross-references right.


Package rerunfilecheck Warning: File `Project.out' has changed.
(rerunfilecheck)                Rerun to get outlines right
(rerunfilecheck)                or use package `bookmark'.

Package rerunfilecheck Info: Checksums for `Project.out':
(rerunfilecheck)             Before: <no file>
(rerunfilecheck)             After:  82F69107CE097AA34A561818D86444FD;11790.

Package biblatex Warning: Please (re)run Biber on the file:
(biblatex)                Project
(biblatex)                and rerun LaTeX afterwards.

Package logreq Info: Writing requests to 'Project.run.xml'.
\openout1 = `Project.run.xml'.

 ) 
Here is how much of TeX's memory you used:
 41743 strings out of 478300
 850348 string characters out of 5849123
 1613499 words of memory out of 5000000
 58871 multiletter control sequences out of 15000+600000
 480139 words of font info for 69 fonts, out of 8000000 for 9000
 1141 hyphenation exceptions out of 8191
 90i,12n,100p,1139b,1882s stack positions out of 10000i,1000n,20000p,200000b,200000s
{c:/texlive/2022/texmf-dist/fonts/enc/dvips/cm-super/cm-super-ts1.enc}<c:/tex
live/2022/texmf-dist/fonts/type1/public/amsfonts/cm/cmbx10.pfb><c:/texlive/2022
/texmf-dist/fonts/type1/public/amsfonts/cm/cmbx12.pfb><c:/texlive/2022/texmf-di
st/fonts/type1/public/amsfonts/cm/cmbx9.pfb><c:/texlive/2022/texmf-dist/fonts/t
ype1/public/amsfonts/cm/cmcsc10.pfb><c:/texlive/2022/texmf-dist/fonts/type1/pub
lic/amsfonts/cm/cmmi10.pfb><c:/texlive/2022/texmf-dist/fonts/type1/public/amsfo
nts/cm/cmr10.pfb><c:/texlive/2022/texmf-dist/fonts/type1/public/amsfonts/cm/cmr
12.pfb><c:/texlive/2022/texmf-dist/fonts/type1/public/amsfonts/cm/cmr17.pfb><c:
/texlive/2022/texmf-dist/fonts/type1/public/amsfonts/cm/cmr9.pfb><c:/texlive/20
22/texmf-dist/fonts/type1/public/amsfonts/cm/cmsy10.pfb><c:/texlive/2022/texmf-
dist/fonts/type1/public/amsfonts/cm/cmti10.pfb><c:/texlive/2022/texmf-dist/font
s/type1/public/amsfonts/cm/cmti12.pfb><c:/texlive/2022/texmf-dist/fonts/type1/p
ublic/amsfonts/cm/cmtt10.pfb><c:/texlive/2022/texmf-dist/fonts/type1/public/cm-
super/sfrm1000.pfb>
Output written on Project.pdf (61 pages, 2549377 bytes).
PDF statistics:
 859 PDF objects out of 1000 (max. 8388607)
 657 compressed objects within 7 object streams
 225 named destinations out of 1000 (max. 500000)
 289 words of extra memory for PDF output out of 10000 (max. 10000000)

