\BOOKMARK [1][-]{section.1}{Introduction}{}% 1
\BOOKMARK [1][-]{section.2}{Systembeskrivelse}{}% 2
\BOOKMARK [1][-]{section.3}{Kravspecifikation}{}% 3
\BOOKMARK [2][-]{subsection.3.1}{Funktionelle krav - User Stories}{section.3}% 4
\BOOKMARK [2][-]{subsection.3.2}{Ikke-funktionelle krav}{section.3}% 5
\BOOKMARK [2][-]{subsection.3.3}{MOSCOW krav}{section.3}% 6
\BOOKMARK [2][-]{subsection.3.4}{Accepttest}{section.3}% 7
\BOOKMARK [3][-]{subsubsection.3.4.1}{Funktionelle}{subsection.3.4}% 8
\BOOKMARK [3][-]{subsubsection.3.4.2}{Ikke funktionelle}{subsection.3.4}% 9
\BOOKMARK [1][-]{section.4}{Metode og Proces}{}% 10
\BOOKMARK [2][-]{subsubsection.4.0.1}{Gruppedannelse}{section.4}% 11
\BOOKMARK [3][-]{subsubsection.4.0.2}{Projektforl\370b og m\370der}{subsubsection.4.0.1}% 12
\BOOKMARK [2][-]{subsection.4.1}{Modellering}{section.4}% 13
\BOOKMARK [3][-]{subsubsection.4.1.1}{Iterativ Udviklingsforl\370b}{subsection.4.1}% 14
\BOOKMARK [1][-]{section.5}{Arkitektur}{}% 15
\BOOKMARK [2][-]{subsection.5.1}{Systemarkitektur}{section.5}% 16
\BOOKMARK [2][-]{subsection.5.2}{Frontend Arkitektur}{section.5}% 17
\BOOKMARK [3][-]{subsubsection.5.2.1}{Pseudo Frontend Arkitektur}{subsection.5.2}% 18
\BOOKMARK [1][-]{section.6}{Design}{}% 19
\BOOKMARK [2][-]{subsection.6.1}{Overordnet System Design}{section.6}% 20
\BOOKMARK [2][-]{subsection.6.2}{Game Engine}{section.6}% 21
\BOOKMARK [3][-]{subsubsection.6.2.1}{Game Controller}{subsection.6.2}% 22
\BOOKMARK [3][-]{subsubsection.6.2.2}{Combat Controller}{subsection.6.2}% 23
\BOOKMARK [3][-]{subsubsection.6.2.3}{Room}{subsection.6.2}% 24
\BOOKMARK [3][-]{subsubsection.6.2.4}{Player}{subsection.6.2}% 25
\BOOKMARK [2][-]{subsection.6.3}{Database Design}{section.6}% 26
\BOOKMARK [1][-]{section.7}{Implementering}{}% 27
\BOOKMARK [2][-]{subsection.7.1}{System Implementering}{section.7}% 28
\BOOKMARK [2][-]{subsection.7.2}{Game Engine}{section.7}% 29
\BOOKMARK [1][-]{section.8}{Test}{}% 30
\BOOKMARK [2][-]{subsection.8.1}{Modultest Frontend}{section.8}% 31
\BOOKMARK [3][-]{subsubsection.8.1.1}{Test metoder}{subsection.8.1}% 32
\BOOKMARK [1][-]{section.9}{Fremtidigt Arbejde}{}% 33
\BOOKMARK [1][-]{section.10}{Konklusion}{}% 34
\BOOKMARK [2][-]{subsection.10.1}{Personlige konklusioner}{section.10}% 35
\BOOKMARK [3][-]{subsubsection.10.1.1}{Luyen Vu}{subsection.10.1}% 36
\BOOKMARK [3][-]{subsubsection.10.1.2}{Oscar Dennis}{subsection.10.1}% 37
\BOOKMARK [3][-]{subsubsection.10.1.3}{Rasmus Engelund}{subsection.10.1}% 38
\BOOKMARK [3][-]{subsubsection.10.1.4}{Magnus Blaabjerg M\370ller}{subsection.10.1}% 39
\BOOKMARK [3][-]{subsubsection.10.1.5}{Morten H\370gsberg}{subsection.10.1}% 40
\BOOKMARK [3][-]{subsubsection.10.1.6}{Anders Hundahl}{subsection.10.1}% 41
\BOOKMARK [3][-]{subsubsection.10.1.7}{Sune Dyrbye}{subsection.10.1}% 42
\BOOKMARK [3][-]{subsubsection.10.1.8}{Jacob Hoberg}{subsection.10.1}% 43
